<?xml version="1.0" encoding="UTF-8" ?>
<testsuite failures="1" time="9.191" errors="0" skipped="0" tests="1" name="com.edi.test.AppTest">
  <properties>
[...]
</properties>
  <testcase time="9.149" classname="com.edi.test.AppTest" name="test">
    <failure type="java.lang.AssertionError:">java.lang.AssertionError: 
	at org.junit.Assert.fail(Assert.java:91)
	at org.junit.Assert.assertTrue(Assert.java:43)
	at org.junit.Assert.assertTrue(Assert.java:54)
	at com.edi.test.AppTest.test(AppTest.java:29)
	at sun.reflect.NativeMethodAccessorImpl.invoke0(Native Method)
	at sun.reflect.NativeMethodAccessorImpl.invoke(NativeMethodAccessorImpl.java:57)
	at sun.reflect.DelegatingMethodAccessorImpl.invoke(DelegatingMethodAccessorImpl.java:43)
	at java.lang.reflect.Method.invoke(Method.java:601)
	at org.junit.runners.model.FrameworkMethod$1.runReflectiveCall(FrameworkMethod.java:44)
	at org.junit.internal.runners.model.ReflectiveCallable.run(ReflectiveCallable.java:15)
	at org.junit.runners.model.FrameworkMethod.invokeExplosively(FrameworkMethod.java:41)
	at org.junit.internal.runners.statements.InvokeMethod.evaluate(InvokeMethod.java:20)
	at org.junit.runners.BlockJUnit4ClassRunner.runChild(BlockJUnit4ClassRunner.java:76)
	at org.junit.runners.BlockJUnit4ClassRunner.runChild(BlockJUnit4ClassRunner.java:50)
	at org.junit.runners.ParentRunner$3.run(ParentRunner.java:193)
	at org.junit.runners.ParentRunner$1.schedule(ParentRunner.java:52)
	at org.junit.runners.ParentRunner.runChildren(ParentRunner.java:191)
	at org.junit.runners.ParentRunner.access$000(ParentRunner.java:42)
	at org.junit.runners.ParentRunner$2.evaluate(ParentRunner.java:184)
	at org.junit.runners.ParentRunner.run(ParentRunner.java:236)
	at org.apache.maven.surefire.junit4.JUnit4TestSet.execute(JUnit4TestSet.java:53)
	at org.apache.maven.surefire.junit4.JUnit4Provider.executeTestSet(JUnit4Provider.java:123)
	at org.apache.maven.surefire.junit4.JUnit4Provider.invoke(JUnit4Provider.java:104)
	at sun.reflect.NativeMethodAccessorImpl.invoke0(Native Method)
	at sun.reflect.NativeMethodAccessorImpl.invoke(NativeMethodAccessorImpl.java:57)
	at sun.reflect.DelegatingMethodAccessorImpl.invoke(DelegatingMethodAccessorImpl.java:43)
	at java.lang.reflect.Method.invoke(Method.java:601)
	at org.apache.maven.surefire.util.ReflectionUtils.invokeMethodWithArray(ReflectionUtils.java:164)
	at org.apache.maven.surefire.booter.ProviderFactory$ProviderProxy.invoke(ProviderFactory.java:110)
	at org.apache.maven.surefire.booter.SurefireStarter.invokeProvider(SurefireStarter.java:172)
	at org.apache.maven.surefire.booter.SurefireStarter.runSuitesInProcessWhenForked(SurefireStarter.java:104)
	at org.apache.maven.surefire.booter.ForkedBooter.main(ForkedBooter.java:70)
</failure>
    <system-out>1 times run start
testOverload begin.
pool-7-thread-1 Reduce to4019
pool-7-thread-1 pick event 0, current size: 4019
pool-7-thread-2 Reduce to4018
NBI event queue is OVERLOADED, will discard low-priority event!
pool-7-thread-2 pick event 1, current size: 4018
pool-7-thread-4 Reduce to4017
pool-7-thread-4 pick event 2, current size: 4017
NBI event queue is OVERLOADED, will discard low-priority event!
pool-7-thread-5 Reduce to4016
pool-7-thread-5 pick event 3, current size: 4016
NBI event queue is OVERLOADED, will discard low-priority event!
pool-7-thread-3 Reduce to4015
pool-7-thread-3 pick event 4, current size: 4015
pool-7-thread-1 Discard NBI event &apos;BmscEventRetryTO [id=0, retryTimes=0, retryStartTime=null, retryUpdateTime=null, extension=null, getVersion()=1.0, getNotificationType()=DELIVERY_REMOVE_OK, getEMBMSSessionId()=14, getDeliverySessionId()=null, getDeliveryInstanceId()=null, getDescription()=null, getContentURI()=null, getMd5Value()=0, getContentGroupId()=null, getRemovedDeliveryContents()=&apos;, current queue size: 4016
NBI event queue is OVERLOADED, will discard low-priority event!
pool-7-thread-6 Reduce to4014
pool-7-thread-6 pick event 5, current size: 4014
NBI event queue is OVERLOADED, will discard low-priority event!
pool-7-thread-7 Reduce to4013
pool-7-thread-7 pick event 6, current size: 4013
NBI event queue is OVERLOADED, will discard low-priority event!
pool-7-thread-2 Discard NBI event &apos;BmscEventRetryTO [id=1, retryTimes=0, retryStartTime=null, retryUpdateTime=null, extension=null, getVersion()=1.0, getNotificationType()=DELIVERY_REMOVE_OK, getEMBMSSessionId()=63, getDeliverySessionId()=null, getDeliveryInstanceId()=null, getDescription()=null, getContentURI()=null, getMd5Value()=1, getContentGroupId()=null, getRemovedDeliveryContents()=&apos;, current queue size: 4014
pool-7-thread-8 Reduce to4012
pool-7-thread-8 pick event 7, current size: 4012
pool-7-thread-5 Discard NBI event &apos;BmscEventRetryTO [id=3, retryTimes=0, retryStartTime=null, retryUpdateTime=null, extension=null, getVersion()=1.0, getNotificationType()=DELIVERY_REMOVE_OK, getEMBMSSessionId()=24, getDeliverySessionId()=null, getDeliveryInstanceId()=null, getDescription()=null, getContentURI()=null, getMd5Value()=3, getContentGroupId()=null, getRemovedDeliveryContents()=&apos;, current queue size: 4014
pool-7-thread-9 Reduce to4011
pool-7-thread-9 pick event 8, current size: 4011
NBI event queue is OVERLOADED, will discard low-priority event!
pool-7-thread-10 Reduce to4010
pool-7-thread-10 pick event 9, current size: 4010
NBI event queue is OVERLOADED, will discard low-priority event!
NBI event queue is OVERLOADED, will discard low-priority event!
pool-7-thread-14 Reduce to4009
pool-7-thread-14 pick event 10, current size: 4009
pool-7-thread-20 Reduce to4008
pool-7-thread-20 pick event 11, current size: 4008
pool-7-thread-6 Discard NBI event &apos;BmscEventRetryTO [id=5, retryTimes=0, retryStartTime=null, retryUpdateTime=null, extension=null, getVersion()=1.0, getNotificationType()=DELIVERY_REMOVE_OK, getEMBMSSessionId()=4, getDeliverySessionId()=null, getDeliveryInstanceId()=null, getDescription()=null, getContentURI()=null, getMd5Value()=5, getContentGroupId()=null, getRemovedDeliveryContents()=&apos;, current queue size: 4008
pool-7-thread-18 Reduce to4007
pool-7-thread-18 pick event 12, current size: 4007
NBI event queue is OVERLOADED, will discard low-priority event!
NBI event queue is OVERLOADED, will discard low-priority event!
pool-7-thread-17 Reduce to4006
NBI event queue is OVERLOADED, will discard low-priority event!
pool-7-thread-17 pick event 13, current size: 4006
NBI event queue is OVERLOADED, will discard low-priority event!
pool-7-thread-3 Discard NBI event &apos;BmscEventRetryTO [id=4, retryTimes=0, retryStartTime=null, retryUpdateTime=null, extension=null, getVersion()=1.0, getNotificationType()=DELIVERY_REMOVE_OK, getEMBMSSessionId()=34, getDeliverySessionId()=null, getDeliveryInstanceId()=null, getDescription()=null, getContentURI()=null, getMd5Value()=4, getContentGroupId()=null, getRemovedDeliveryContents()=&apos;, current queue size: 4007
pool-7-thread-16 Reduce to4005
pool-7-thread-16 pick event 14, current size: 4005
NBI event queue is OVERLOADED, will discard low-priority event!
pool-7-thread-9 Discard NBI event &apos;BmscEventRetryTO [id=8, retryTimes=0, retryStartTime=null, retryUpdateTime=null, extension=null, getVersion()=1.0, getNotificationType()=DELIVERY_REMOVE_OK, getEMBMSSessionId()=21, getDeliverySessionId()=null, getDeliveryInstanceId()=null, getDescription()=null, getContentURI()=null, getMd5Value()=8, getContentGroupId()=null, getRemovedDeliveryContents()=&apos;, current queue size: 4006
pool-7-thread-7 Discard NBI event &apos;BmscEventRetryTO [id=6, retryTimes=0, retryStartTime=null, retryUpdateTime=null, extension=null, getVersion()=1.0, getNotificationType()=DELIVERY_REMOVE_OK, getEMBMSSessionId()=86, getDeliverySessionId()=null, getDeliveryInstanceId()=null, getDescription()=null, getContentURI()=null, getMd5Value()=6, getContentGroupId()=null, getRemovedDeliveryContents()=&apos;, current queue size: 4006
pool-7-thread-15 Reduce to4004
pool-7-thread-15 pick event 15, current size: 4004
pool-7-thread-4 Discard NBI event &apos;BmscEventRetryTO [id=2, retryTimes=0, retryStartTime=null, retryUpdateTime=null, extension=null, getVersion()=1.0, getNotificationType()=DELIVERY_REMOVE_OK, getEMBMSSessionId()=22, getDeliverySessionId()=null, getDeliveryInstanceId()=null, getDescription()=null, getContentURI()=null, getMd5Value()=2, getContentGroupId()=null, getRemovedDeliveryContents()=&apos;, current queue size: 4006
pool-7-thread-8 Discard NBI event &apos;BmscEventRetryTO [id=7, retryTimes=0, retryStartTime=null, retryUpdateTime=null, extension=null, getVersion()=1.0, getNotificationType()=DELIVERY_REMOVE_OK, getEMBMSSessionId()=64, getDeliverySessionId()=null, getDeliveryInstanceId()=null, getDescription()=null, getContentURI()=null, getMd5Value()=7, getContentGroupId()=null, getRemovedDeliveryContents()=&apos;, current queue size: 4004
pool-7-thread-20 Discard NBI event &apos;BmscEventRetryTO [id=11, retryTimes=0, retryStartTime=null, retryUpdateTime=null, extension=null, getVersion()=1.0, getNotificationType()=DELIVERY_REMOVE_OK, getEMBMSSessionId()=71, getDeliverySessionId()=null, getDeliveryInstanceId()=null, getDescription()=null, getContentURI()=null, getMd5Value()=11, getContentGroupId()=null, getRemovedDeliveryContents()=&apos;, current queue size: 4005
NBI event queue is OVERLOADED, will discard low-priority event!
pool-7-thread-19 Reduce to4003
pool-7-thread-19 pick event 16, current size: 4003
NBI event queue is OVERLOADED, will discard low-priority event!
pool-7-thread-10 Discard NBI event &apos;BmscEventRetryTO [id=9, retryTimes=0, retryStartTime=null, retryUpdateTime=null, extension=null, getVersion()=1.0, getNotificationType()=DELIVERY_REMOVE_OK, getEMBMSSessionId()=73, getDeliverySessionId()=null, getDeliveryInstanceId()=null, getDescription()=null, getContentURI()=null, getMd5Value()=9, getContentGroupId()=null, getRemovedDeliveryContents()=&apos;, current queue size: 4004
pool-7-thread-13 Reduce to4002
pool-7-thread-13 pick event 17, current size: 4002
pool-7-thread-17 Discard NBI event &apos;BmscEventRetryTO [id=13, retryTimes=0, retryStartTime=null, retryUpdateTime=null, extension=null, getVersion()=1.0, getNotificationType()=DELIVERY_REMOVE_OK, getEMBMSSessionId()=0, getDeliverySessionId()=null, getDeliveryInstanceId()=null, getDescription()=null, getContentURI()=null, getMd5Value()=13, getContentGroupId()=null, getRemovedDeliveryContents()=&apos;, current queue size: 4003
pool-7-thread-18 Discard NBI event &apos;BmscEventRetryTO [id=12, retryTimes=0, retryStartTime=null, retryUpdateTime=null, extension=null, getVersion()=1.0, getNotificationType()=DELIVERY_REMOVE_OK, getEMBMSSessionId()=93, getDeliverySessionId()=null, getDeliveryInstanceId()=null, getDescription()=null, getContentURI()=null, getMd5Value()=12, getContentGroupId()=null, getRemovedDeliveryContents()=&apos;, current queue size: 4003
pool-7-thread-14 Discard NBI event &apos;BmscEventRetryTO [id=10, retryTimes=0, retryStartTime=null, retryUpdateTime=null, extension=null, getVersion()=1.0, getNotificationType()=DELIVERY_REMOVE_OK, getEMBMSSessionId()=42, getDeliverySessionId()=null, getDeliveryInstanceId()=null, getDescription()=null, getContentURI()=null, getMd5Value()=10, getContentGroupId()=null, getRemovedDeliveryContents()=&apos;, current queue size: 4003
NBI event queue is OVERLOADED, will discard low-priority event!
pool-7-thread-11 Reduce to4001
pool-7-thread-11 pick event 18, current size: 4001
pool-7-thread-12 Reduce to4000
pool-7-thread-12 pick event 19, current size: 4000
pool-7-thread-1 reduces to 4000
pool-7-thread-5 reduces to 4000
pool-7-thread-2 reduces to 4000
pool-7-thread-6 reduces to 4000
pool-7-thread-3 reduces to 4000
pool-7-thread-9 reduces to 4000
pool-7-thread-7 reduces to 4000
pool-7-thread-4 reduces to 4000
pool-7-thread-8 reduces to 4000
pool-7-thread-20 reduces to 4000
pool-7-thread-10 reduces to 4000
pool-7-thread-14 reduces to 4000
pool-7-thread-18 reduces to 4000
pool-7-thread-14 Reduce to3999
pool-7-thread-14 pick event 20, current size: 3999
NBI event queue is OVERLOADED, will discard low-priority event!
pool-7-thread-17 reduces to 3999
pool-7-thread-15 Discard NBI event &apos;BmscEventRetryTO [id=15, retryTimes=0, retryStartTime=null, retryUpdateTime=null, extension=null, getVersion()=1.0, getNotificationType()=DELIVERY_REMOVE_OK, getEMBMSSessionId()=90, getDeliverySessionId()=null, getDeliveryInstanceId()=null, getDescription()=null, getContentURI()=null, getMd5Value()=15, getContentGroupId()=null, getRemovedDeliveryContents()=&apos;, current queue size: 4001
NBI event queue is OVERLOADED, will discard low-priority event!
NBI event queue is OVERLOADED, will discard low-priority event!
pool-7-thread-2 Reduce to3998
pool-7-thread-2 pick event 21, current size: 3998
pool-7-thread-4 Reduce to3997
pool-7-thread-4 pick event 22, current size: 3997
pool-7-thread-20 Reduce to3996
pool-7-thread-20 pick event 23, current size: 3996
pool-7-thread-5 Reduce to3995
pool-7-thread-5 pick event 24, current size: 3995
pool-7-thread-16 Discard NBI event &apos;BmscEventRetryTO [id=14, retryTimes=0, retryStartTime=null, retryUpdateTime=null, extension=null, getVersion()=1.0, getNotificationType()=DELIVERY_REMOVE_OK, getEMBMSSessionId()=30, getDeliverySessionId()=null, getDeliveryInstanceId()=null, getDescription()=null, getContentURI()=null, getMd5Value()=14, getContentGroupId()=null, getRemovedDeliveryContents()=&apos;, current queue size: 3999
pool-7-thread-1 Reduce to3994
pool-7-thread-1 pick event 25, current size: 3994
pool-7-thread-15 reduces to 3994
pool-7-thread-7 Reduce to3993
pool-7-thread-7 pick event 27, current size: 3993
pool-7-thread-19 Discard NBI event &apos;BmscEventRetryTO [id=16, retryTimes=0, retryStartTime=null, retryUpdateTime=null, extension=null, getVersion()=1.0, getNotificationType()=DELIVERY_REMOVE_OK, getEMBMSSessionId()=85, getDeliverySessionId()=null, getDeliveryInstanceId()=null, getDescription()=null, getContentURI()=null, getMd5Value()=16, getContentGroupId()=null, getRemovedDeliveryContents()=&apos;, current queue size: 3996
pool-7-thread-11 Discard NBI event &apos;BmscEventRetryTO [id=18, retryTimes=0, retryStartTime=null, retryUpdateTime=null, extension=null, getVersion()=1.0, getNotificationType()=DELIVERY_REMOVE_OK, getEMBMSSessionId()=65, getDeliverySessionId()=null, getDeliveryInstanceId()=null, getDescription()=null, getContentURI()=null, getMd5Value()=18, getContentGroupId()=null, getRemovedDeliveryContents()=&apos;, current queue size: 3994
pool-7-thread-8 Reduce to3992
pool-7-thread-8 pick event 29, current size: 3992
pool-7-thread-10 Reduce to3991
pool-7-thread-10 pick event 30, current size: 3991
pool-7-thread-12 Discard NBI event &apos;BmscEventRetryTO [id=19, retryTimes=0, retryStartTime=null, retryUpdateTime=null, extension=null, getVersion()=1.0, getNotificationType()=DELIVERY_REMOVE_OK, getEMBMSSessionId()=95, getDeliverySessionId()=null, getDeliveryInstanceId()=null, getDescription()=null, getContentURI()=null, getMd5Value()=19, getContentGroupId()=null, getRemovedDeliveryContents()=&apos;, current queue size: 3991
pool-7-thread-18 Reduce to3990
pool-7-thread-18 pick event 31, current size: 3990
pool-7-thread-9 Reduce to3989
pool-7-thread-9 pick event 32, current size: 3989
pool-7-thread-13 Discard NBI event &apos;BmscEventRetryTO [id=17, retryTimes=0, retryStartTime=null, retryUpdateTime=null, extension=null, getVersion()=1.0, getNotificationType()=DELIVERY_REMOVE_OK, getEMBMSSessionId()=92, getDeliverySessionId()=null, getDeliveryInstanceId()=null, getDescription()=null, getContentURI()=null, getMd5Value()=17, getContentGroupId()=null, getRemovedDeliveryContents()=&apos;, current queue size: 3992
pool-7-thread-6 Reduce to3988
pool-7-thread-6 pick event 33, current size: 3988
pool-7-thread-4 reduces to 3987
pool-7-thread-16 reduces to 3987
pool-7-thread-17 Reduce to3986
pool-7-thread-17 pick event 34, current size: 3986
pool-7-thread-11 reduces to 3986
pool-7-thread-20 reduces to 3986
pool-7-thread-15 Reduce to3985
pool-7-thread-15 pick event 35, current size: 3985
pool-7-thread-3 Reduce to3984
pool-7-thread-3 pick event 36, current size: 3984
pool-7-thread-13 reduces to 3984
pool-7-thread-7 reduces to 3984
pool-7-thread-2 reduces to 3984
pool-7-thread-12 reduces to 3984
pool-7-thread-14 reduces to 3983
pool-7-thread-11 Reduce to3982
pool-7-thread-11 pick event 37, current size: 3982
pool-7-thread-14 reduces to 3982
pool-7-thread-19 reduces to 3982
pool-7-thread-4 reduces to 3982
pool-7-thread-16 Reduce to3981
pool-7-thread-16 pick event 39, current size: 3981
pool-7-thread-4 Reduce to3980
pool-7-thread-4 pick event 40, current size: 3980
pool-7-thread-5 reduces to 3980
pool-7-thread-8 reduces to 3980
pool-7-thread-1 reduces to 3980
pool-7-thread-20 Reduce to3979
pool-7-thread-18 reduces to 3979
pool-7-thread-20 pick event 41, current size: 3979
pool-7-thread-2 Reduce to3978
pool-7-thread-2 pick event 42, current size: 3978
pool-7-thread-10 reduces to 3978
pool-7-thread-7 Reduce to3977
pool-7-thread-7 pick event 43, current size: 3977
pool-7-thread-12 Reduce to3976
pool-7-thread-12 pick event 44, current size: 3976
pool-7-thread-9 reduces to 3975
pool-7-thread-13 Reduce to3974
pool-7-thread-13 pick event 45, current size: 3974
pool-7-thread-9 reduces to 3974
pool-7-thread-6 reduces to 3974
pool-7-thread-15 reduces to 3974
pool-7-thread-17 reduces to 3974
pool-7-thread-11 reduces to 3974
pool-7-thread-3 reduces to 3974
pool-7-thread-19 Reduce to3973
pool-7-thread-19 pick event 46, current size: 3973
pool-7-thread-14 Reduce to3972
pool-7-thread-14 pick event 47, current size: 3972
pool-7-thread-9 Reduce to3971
pool-7-thread-9 pick event 48, current size: 3971
pool-7-thread-5 Reduce to3970
pool-7-thread-5 pick event 49, current size: 3970
pool-7-thread-8 Reduce to3969
pool-7-thread-8 pick event 50, current size: 3969
pool-7-thread-4 reduces to 3969
pool-7-thread-18 Reduce to3968
pool-7-thread-18 pick event 52, current size: 3968
pool-7-thread-2 reduces to 3968
pool-7-thread-10 Reduce to3967
pool-7-thread-10 pick event 53, current size: 3967
pool-7-thread-20 reduces to 3967
pool-7-thread-16 reduces to 3967
pool-7-thread-7 reduces to 3967
pool-7-thread-13 reduces to 3967
pool-7-thread-12 reduces to 3967
pool-7-thread-6 Reduce to3966
pool-7-thread-6 pick event 54, current size: 3966
pool-7-thread-15 Reduce to3965
pool-7-thread-15 pick event 55, current size: 3965
pool-7-thread-11 Reduce to3964
pool-7-thread-11 pick event 56, current size: 3964
pool-7-thread-3 Reduce to3963
pool-7-thread-3 pick event 57, current size: 3963
pool-7-thread-17 Reduce to3962
pool-7-thread-17 pick event 58, current size: 3962
pool-7-thread-4 Reduce to3961
pool-7-thread-4 pick event 59, current size: 3961
pool-7-thread-1 Reduce to3960
pool-7-thread-1 pick event 60, current size: 3960
pool-7-thread-14 reduces to 3960
pool-7-thread-19 reduces to 3959
pool-7-thread-7 Reduce to3958
pool-7-thread-7 pick event 62, current size: 3958
pool-7-thread-20 Reduce to3957
pool-7-thread-20 pick event 63, current size: 3957
pool-7-thread-5 reduces to 3957
pool-7-thread-16 Reduce to3956
pool-7-thread-16 pick event 64, current size: 3956
pool-7-thread-13 Reduce to3955
pool-7-thread-13 pick event 66, current size: 3955
pool-7-thread-6 reduces to 3955
pool-7-thread-18 reduces to 3955
pool-7-thread-8 reduces to 3955
pool-7-thread-15 reduces to 3955
pool-7-thread-14 Reduce to3954
pool-7-thread-14 pick event 67, current size: 3954
pool-7-thread-9 reduces to 3954
pool-7-thread-10 reduces to 3954
pool-7-thread-4 reduces to 3953
pool-7-thread-19 reduces to 3953
pool-7-thread-11 reduces to 3953
pool-7-thread-2 Reduce to3952
pool-7-thread-2 pick event 68, current size: 3952
pool-7-thread-17 reduces to 3952
pool-7-thread-1 reduces to 3952
pool-7-thread-5 Reduce to3951
pool-7-thread-5 pick event 69, current size: 3951
pool-7-thread-12 Reduce to3950
pool-7-thread-12 pick event 70, current size: 3950
pool-7-thread-18 Reduce to3949
pool-7-thread-18 pick event 71, current size: 3949
pool-7-thread-8 Reduce to3948
pool-7-thread-8 pick event 72, current size: 3948
pool-7-thread-9 Reduce to3947
pool-7-thread-9 pick event 73, current size: 3947
pool-7-thread-3 reduces to 3947
pool-7-thread-4 reduces to 3947
pool-7-thread-6 Reduce to3946
pool-7-thread-6 pick event 74, current size: 3946
pool-7-thread-15 Reduce to3945
pool-7-thread-15 pick event 75, current size: 3945
pool-7-thread-10 Reduce to3944
pool-7-thread-10 pick event 76, current size: 3944
pool-7-thread-13 reduces to 3944
pool-7-thread-14 reduces to 3944
pool-7-thread-7 reduces to 3944
pool-7-thread-20 reduces to 3944
pool-7-thread-16 reduces to 3943
pool-7-thread-11 Reduce to3942
pool-7-thread-11 pick event 78, current size: 3942
pool-7-thread-17 Reduce to3941
pool-7-thread-17 pick event 79, current size: 3941
pool-7-thread-19 Reduce to3940
pool-7-thread-19 pick event 80, current size: 3940
pool-7-thread-2 reduces to 3940
pool-7-thread-1 Reduce to3939
pool-7-thread-1 pick event 81, current size: 3939
pool-7-thread-3 Reduce to3938
pool-7-thread-3 pick event 82, current size: 3938
pool-7-thread-5 reduces to 3938
pool-7-thread-18 reduces to 3938
pool-7-thread-8 reduces to 3938
pool-7-thread-12 reduces to 3938
pool-7-thread-9 reduces to 3937
pool-7-thread-4 Reduce to3936
pool-7-thread-4 pick event 83, current size: 3936
pool-7-thread-12 Reduce to3935
pool-7-thread-12 pick event 84, current size: 3935
pool-7-thread-16 reduces to 3935
pool-7-thread-20 Reduce to3934
pool-7-thread-20 pick event 85, current size: 3934
pool-7-thread-7 Reduce to3933
pool-7-thread-7 pick event 86, current size: 3933
pool-7-thread-14 Reduce to3932
pool-7-thread-14 pick event 87, current size: 3932
pool-7-thread-6 reduces to 3932
pool-7-thread-19 reduces to 3932
pool-7-thread-9 reduces to 3932
pool-7-thread-2 Reduce to3931
pool-7-thread-2 pick event 89, current size: 3931
pool-7-thread-15 reduces to 3931
pool-7-thread-5 Reduce to3930
pool-7-thread-5 pick event 90, current size: 3930
pool-7-thread-8 Reduce to3929
pool-7-thread-8 pick event 91, current size: 3929
pool-7-thread-18 Reduce to3928
pool-7-thread-18 pick event 92, current size: 3928
pool-7-thread-11 reduces to 3928
pool-7-thread-17 reduces to 3928
pool-7-thread-10 reduces to 3928
pool-7-thread-4 reduces to 3928
pool-7-thread-12 reduces to 3928
pool-7-thread-1 reduces to 3927
pool-7-thread-3 reduces to 3927
pool-7-thread-16 Reduce to3926
pool-7-thread-16 pick event 93, current size: 3926
pool-7-thread-6 Reduce to3925
pool-7-thread-6 pick event 94, current size: 3925
pool-7-thread-13 Reduce to3924
pool-7-thread-13 pick event 95, current size: 3924
pool-7-thread-7 reduces to 3924
pool-7-thread-20 reduces to 3923
pool-7-thread-14 reduces to 3923
pool-7-thread-9 Reduce to3922
pool-7-thread-9 pick event 97, current size: 3922
pool-7-thread-15 Reduce to3921
pool-7-thread-15 pick event 98, current size: 3921
pool-7-thread-11 Reduce to3920
pool-7-thread-11 pick event 99, current size: 3920
pool-7-thread-1 reduces to 3920
pool-7-thread-17 Reduce to3919
pool-7-thread-17 pick event 100, current size: 3919
pool-7-thread-10 Reduce to3918
pool-7-thread-10 pick event 101, current size: 3918
pool-7-thread-12 Reduce to3917
pool-7-thread-12 pick event 102, current size: 3917
pool-7-thread-3 Reduce to3916
pool-7-thread-3 pick event 103, current size: 3916
pool-7-thread-2 reduces to 3916
pool-7-thread-4 Reduce to3915
pool-7-thread-4 pick event 104, current size: 3915
pool-7-thread-16 reduces to 3915
pool-7-thread-20 reduces to 3915
pool-7-thread-18 reduces to 3915
pool-7-thread-5 reduces to 3915
pool-7-thread-19 Reduce to3914
pool-7-thread-19 pick event 106, current size: 3914
pool-7-thread-8 reduces to 3914
pool-7-thread-14 Reduce to3913
pool-7-thread-14 pick event 107, current size: 3913
pool-7-thread-13 reduces to 3913
pool-7-thread-15 reduces to 3913
pool-7-thread-6 reduces to 3913
pool-7-thread-11 reduces to 3913
pool-7-thread-9 reduces to 3913
pool-7-thread-1 Reduce to3912
pool-7-thread-1 pick event 108, current size: 3912
pool-7-thread-17 reduces to 3912
pool-7-thread-2 Reduce to3911
pool-7-thread-2 pick event 110, current size: 3911
pool-7-thread-16 Reduce to3910
pool-7-thread-16 pick event 111, current size: 3910
pool-7-thread-10 reduces to 3910
pool-7-thread-12 reduces to 3910
pool-7-thread-7 Reduce to3909
pool-7-thread-7 pick event 112, current size: 3909
pool-7-thread-4 reduces to 3909
pool-7-thread-3 reduces to 3908
pool-7-thread-18 Reduce to3907
pool-7-thread-18 pick event 113, current size: 3907
pool-7-thread-20 Reduce to3906
pool-7-thread-20 pick event 114, current size: 3906
pool-7-thread-5 Reduce to3905
pool-7-thread-5 pick event 115, current size: 3905
pool-7-thread-9 Reduce to3904
pool-7-thread-9 pick event 116, current size: 3904
pool-7-thread-8 Reduce to3903
pool-7-thread-8 pick event 117, current size: 3903
pool-7-thread-13 Reduce to3902
pool-7-thread-13 pick event 118, current size: 3902
pool-7-thread-15 Reduce to3901
pool-7-thread-15 pick event 119, current size: 3901
pool-7-thread-19 reduces to 3900
pool-7-thread-11 Reduce to3899
pool-7-thread-11 pick event 120, current size: 3899
pool-7-thread-1 reduces to 3899
pool-7-thread-6 Reduce to3898
pool-7-thread-6 pick event 121, current size: 3898
pool-7-thread-17 Reduce to3897
pool-7-thread-17 pick event 122, current size: 3897
pool-7-thread-12 Reduce to3896
pool-7-thread-12 pick event 123, current size: 3896
pool-7-thread-3 reduces to 3896
pool-7-thread-4 Reduce to3895
pool-7-thread-4 pick event 124, current size: 3895
pool-7-thread-10 Reduce to3894
pool-7-thread-10 pick event 125, current size: 3894
pool-7-thread-3 Reduce to3893
pool-7-thread-3 pick event 126, current size: 3893
pool-7-thread-20 reduces to 3893
pool-7-thread-7 reduces to 3893
pool-7-thread-19 reduces to 3893
pool-7-thread-14 reduces to 3893
pool-7-thread-18 reduces to 3893
pool-7-thread-5 reduces to 3893
pool-7-thread-1 Reduce to3892
pool-7-thread-1 pick event 127, current size: 3892
pool-7-thread-9 reduces to 3892
pool-7-thread-15 reduces to 3892
pool-7-thread-16 reduces to 3892
pool-7-thread-8 reduces to 3892
pool-7-thread-2 reduces to 3892
pool-7-thread-11 reduces to 3892
pool-7-thread-6 reduces to 3892
pool-7-thread-17 reduces to 3892
pool-7-thread-13 reduces to 3892
pool-7-thread-12 reduces to 3892
pool-7-thread-7 Reduce to3891
pool-7-thread-7 pick event 128, current size: 3891
pool-7-thread-20 Reduce to3890
pool-7-thread-20 pick event 129, current size: 3890
pool-7-thread-10 reduces to 3890
pool-7-thread-4 reduces to 3890
pool-7-thread-3 reduces to 3890
pool-7-thread-19 Reduce to3889
pool-7-thread-19 pick event 130, current size: 3889
pool-7-thread-9 Reduce to3888
pool-7-thread-9 pick event 131, current size: 3888
pool-7-thread-4 Reduce to3887
pool-7-thread-4 pick event 132, current size: 3887
pool-7-thread-18 Reduce to3886
pool-7-thread-18 pick event 133, current size: 3886
pool-7-thread-5 Reduce to3885
pool-7-thread-5 pick event 134, current size: 3885
pool-7-thread-8 Reduce to3884
pool-7-thread-8 pick event 135, current size: 3884
pool-7-thread-16 Reduce to3883
pool-7-thread-16 pick event 136, current size: 3883
pool-7-thread-6 Reduce to3882
pool-7-thread-6 pick event 137, current size: 3882
pool-7-thread-14 Reduce to3881
pool-7-thread-14 pick event 138, current size: 3881
pool-7-thread-13 Reduce to3880
pool-7-thread-13 pick event 139, current size: 3880
pool-7-thread-12 Reduce to3879
pool-7-thread-12 pick event 140, current size: 3879
pool-7-thread-15 Reduce to3878
pool-7-thread-15 pick event 141, current size: 3878
pool-7-thread-17 Reduce to3877
pool-7-thread-17 pick event 142, current size: 3877
pool-7-thread-2 Reduce to3876
pool-7-thread-2 pick event 143, current size: 3876
pool-7-thread-1 reduces to 3876
pool-7-thread-3 Reduce to3875
pool-7-thread-3 pick event 145, current size: 3875
pool-7-thread-7 reduces to 3875
pool-7-thread-10 Reduce to3874
pool-7-thread-10 pick event 146, current size: 3874
pool-7-thread-19 reduces to 3874
pool-7-thread-9 reduces to 3874
pool-7-thread-4 reduces to 3874
pool-7-thread-20 reduces to 3874
pool-7-thread-18 reduces to 3874
pool-7-thread-5 reduces to 3874
pool-7-thread-8 reduces to 3874
pool-7-thread-6 reduces to 3874
pool-7-thread-16 reduces to 3874
pool-7-thread-11 Reduce to3873
pool-7-thread-11 pick event 147, current size: 3873
pool-7-thread-16 Reduce to3872
pool-7-thread-16 pick event 148, current size: 3872
pool-7-thread-20 Reduce to3871
pool-7-thread-20 pick event 149, current size: 3871
pool-7-thread-15 reduces to 3871
pool-7-thread-12 reduces to 3870
pool-7-thread-9 Reduce to3869
pool-7-thread-9 pick event 150, current size: 3869
pool-7-thread-1 Reduce to3868
pool-7-thread-1 pick event 151, current size: 3868
pool-7-thread-4 Reduce to3867
pool-7-thread-4 pick event 152, current size: 3867
pool-7-thread-13 reduces to 3867
pool-7-thread-6 Reduce to3866
pool-7-thread-6 pick event 153, current size: 3866
pool-7-thread-5 Reduce to3865
pool-7-thread-5 pick event 154, current size: 3865
pool-7-thread-17 reduces to 3865
pool-7-thread-8 Reduce to3864
pool-7-thread-8 pick event 156, current size: 3864
pool-7-thread-19 Reduce to3863
pool-7-thread-19 pick event 157, current size: 3863
pool-7-thread-7 Reduce to3862
pool-7-thread-7 pick event 158, current size: 3862
pool-7-thread-14 reduces to 3862
pool-7-thread-10 reduces to 3862
pool-7-thread-3 reduces to 3862
pool-7-thread-12 reduces to 3861
pool-7-thread-15 Reduce to3860
pool-7-thread-15 pick event 159, current size: 3860
pool-7-thread-13 Reduce to3859
pool-7-thread-13 pick event 160, current size: 3859
pool-7-thread-11 reduces to 3859
pool-7-thread-2 reduces to 3859
pool-7-thread-20 reduces to 3859
pool-7-thread-9 reduces to 3859
pool-7-thread-17 Reduce to3858
pool-7-thread-17 pick event 161, current size: 3858
pool-7-thread-1 reduces to 3858
pool-7-thread-16 reduces to 3858
pool-7-thread-14 Reduce to3857
pool-7-thread-14 pick event 162, current size: 3857
pool-7-thread-18 Reduce to3856
pool-7-thread-18 pick event 164, current size: 3856
pool-7-thread-11 Reduce to3855
pool-7-thread-11 pick event 165, current size: 3855
pool-7-thread-5 reduces to 3855
pool-7-thread-4 reduces to 3855
pool-7-thread-10 Reduce to3854
pool-7-thread-10 pick event 166, current size: 3854
pool-7-thread-3 Reduce to3853
pool-7-thread-3 pick event 167, current size: 3853
pool-7-thread-6 reduces to 3853
pool-7-thread-7 reduces to 3853
pool-7-thread-19 reduces to 3853
pool-7-thread-8 reduces to 3853
pool-7-thread-5 Reduce to3852
pool-7-thread-5 pick event 168, current size: 3852
pool-7-thread-12 reduces to 3852
pool-7-thread-1 Reduce to3851
pool-7-thread-1 pick event 169, current size: 3851
pool-7-thread-9 Reduce to3850
pool-7-thread-9 pick event 170, current size: 3850
pool-7-thread-15 reduces to 3850
pool-7-thread-13 reduces to 3850
pool-7-thread-4 Reduce to3849
pool-7-thread-4 pick event 171, current size: 3849
pool-7-thread-20 Reduce to3848
pool-7-thread-20 pick event 172, current size: 3848
pool-7-thread-2 Reduce to3847
pool-7-thread-2 pick event 173, current size: 3847
pool-7-thread-16 Reduce to3846
pool-7-thread-16 pick event 174, current size: 3846
pool-7-thread-17 reduces to 3845
pool-7-thread-19 Reduce to3844
pool-7-thread-19 pick event 175, current size: 3844
pool-7-thread-7 Reduce to3843
pool-7-thread-7 pick event 176, current size: 3843
pool-7-thread-14 reduces to 3843
pool-7-thread-8 Reduce to3842
pool-7-thread-8 pick event 177, current size: 3842
pool-7-thread-6 Reduce to3841
pool-7-thread-6 pick event 178, current size: 3841
pool-7-thread-18 reduces to 3841
pool-7-thread-10 reduces to 3841
pool-7-thread-11 reduces to 3841
pool-7-thread-5 reduces to 3841
pool-7-thread-12 Reduce to3840
pool-7-thread-12 pick event 179, current size: 3840
pool-7-thread-3 reduces to 3840
pool-7-thread-15 Reduce to3839
pool-7-thread-15 pick event 180, current size: 3839
pool-7-thread-13 Reduce to3838
pool-7-thread-13 pick event 181, current size: 3838
pool-7-thread-2 reduces to 3838
pool-7-thread-18 Reduce to3837
pool-7-thread-18 pick event 182, current size: 3837
pool-7-thread-17 reduces to 3837
pool-7-thread-11 Reduce to3836
pool-7-thread-11 pick event 183, current size: 3836
pool-7-thread-1 reduces to 3836
pool-7-thread-14 Reduce to3835
pool-7-thread-14 pick event 185, current size: 3835
pool-7-thread-5 Reduce to3834
pool-7-thread-5 pick event 186, current size: 3834
pool-7-thread-3 Reduce to3833
pool-7-thread-3 pick event 187, current size: 3833
pool-7-thread-17 Reduce to3832
pool-7-thread-17 pick event 188, current size: 3832
pool-7-thread-12 reduces to 3832
pool-7-thread-19 reduces to 3832
pool-7-thread-4 reduces to 3832
pool-7-thread-9 reduces to 3831
pool-7-thread-16 reduces to 3831
pool-7-thread-2 Reduce to3830
pool-7-thread-2 pick event 189, current size: 3830
pool-7-thread-20 reduces to 3830
pool-7-thread-6 reduces to 3830
pool-7-thread-7 reduces to 3830
pool-7-thread-15 reduces to 3830
pool-7-thread-13 reduces to 3830
pool-7-thread-8 reduces to 3830
pool-7-thread-18 reduces to 3830
pool-7-thread-10 Reduce to3829
pool-7-thread-10 pick event 190, current size: 3829
pool-7-thread-1 Reduce to3828
pool-7-thread-1 pick event 191, current size: 3828
pool-7-thread-17 reduces to 3828
pool-7-thread-9 reduces to 3828
pool-7-thread-19 Reduce to3827
pool-7-thread-19 pick event 192, current size: 3827
pool-7-thread-7 Reduce to3826
pool-7-thread-7 pick event 193, current size: 3826
pool-7-thread-3 reduces to 3826
pool-7-thread-5 reduces to 3826
pool-7-thread-18 Reduce to3825
pool-7-thread-18 pick event 194, current size: 3825
pool-7-thread-1 reduces to 3825
pool-7-thread-16 Reduce to3824
pool-7-thread-16 pick event 195, current size: 3824
pool-7-thread-14 reduces to 3824
pool-7-thread-10 reduces to 3824
pool-7-thread-12 Reduce to3823
pool-7-thread-12 pick event 196, current size: 3823
pool-7-thread-2 reduces to 3823
pool-7-thread-20 Reduce to3822
pool-7-thread-20 pick event 197, current size: 3822
pool-7-thread-6 Reduce to3821
pool-7-thread-6 pick event 198, current size: 3821
pool-7-thread-15 Reduce to3820
pool-7-thread-15 pick event 199, current size: 3820
pool-7-thread-11 reduces to 3820
pool-7-thread-12 reduces to 3820
pool-7-thread-19 reduces to 3820
pool-7-thread-7 reduces to 3820
pool-7-thread-16 reduces to 3820
pool-7-thread-13 Reduce to3819
pool-7-thread-13 pick event 200, current size: 3819
pool-7-thread-8 Reduce to3818
pool-7-thread-8 pick event 201, current size: 3818
pool-7-thread-20 reduces to 3818
pool-7-thread-15 reduces to 3818
pool-7-thread-18 reduces to 3818
pool-7-thread-4 Reduce to3817
pool-7-thread-4 pick event 202, current size: 3817
pool-7-thread-6 reduces to 3817
pool-7-thread-8 reduces to 3817
pool-7-thread-17 Reduce to3816
pool-7-thread-17 pick event 203, current size: 3816
pool-7-thread-13 reduces to 3816
pool-7-thread-4 reduces to 3816
pool-7-thread-3 Reduce to3815
pool-7-thread-3 pick event 204, current size: 3815
pool-7-thread-9 Reduce to3814
pool-7-thread-9 pick event 205, current size: 3814
pool-7-thread-17 reduces to 3814
pool-7-thread-4 Reduce to3813
pool-7-thread-4 pick event 206, current size: 3813
pool-7-thread-14 Reduce to3812
pool-7-thread-14 pick event 207, current size: 3812
pool-7-thread-1 Reduce to3811
pool-7-thread-1 pick event 208, current size: 3811
pool-7-thread-9 reduces to 3811
pool-7-thread-10 Reduce to3810
pool-7-thread-10 pick event 209, current size: 3810
pool-7-thread-3 reduces to 3810
pool-7-thread-10 reduces to 3810
pool-7-thread-4 reduces to 3810
pool-7-thread-2 Reduce to3809
pool-7-thread-2 pick event 210, current size: 3809
pool-7-thread-1 reduces to 3809
pool-7-thread-14 reduces to 3809
pool-7-thread-11 Reduce to3808
pool-7-thread-11 pick event 211, current size: 3808
pool-7-thread-12 Reduce to3807
pool-7-thread-12 pick event 212, current size: 3807
pool-7-thread-2 reduces to 3807
pool-7-thread-11 reduces to 3807
pool-7-thread-19 Reduce to3806
pool-7-thread-19 pick event 213, current size: 3806
pool-7-thread-7 Reduce to3805
pool-7-thread-7 pick event 214, current size: 3805
pool-7-thread-7 reduces to 3805
pool-7-thread-16 Reduce to3804
pool-7-thread-16 pick event 215, current size: 3804
pool-7-thread-12 reduces to 3804
pool-7-thread-20 Reduce to3803
pool-7-thread-20 pick event 216, current size: 3803
pool-7-thread-19 reduces to 3803
pool-7-thread-12 Reduce to3802
pool-7-thread-12 pick event 217, current size: 3802
pool-7-thread-6 Reduce to3801
pool-7-thread-6 pick event 218, current size: 3801
pool-7-thread-18 Reduce to3800
pool-7-thread-18 pick event 219, current size: 3800
pool-7-thread-16 reduces to 3800
pool-7-thread-8 Reduce to3799
pool-7-thread-8 pick event 220, current size: 3799
pool-7-thread-12 reduces to 3799
pool-7-thread-5 Reduce to3798
pool-7-thread-5 pick event 221, current size: 3798
pool-7-thread-13 Reduce to3797
pool-7-thread-13 pick event 222, current size: 3797
pool-7-thread-8 reduces to 3797
pool-7-thread-17 Reduce to3796
pool-7-thread-20 reduces to 3796
pool-7-thread-17 pick event 223, current size: 3796
pool-7-thread-9 Reduce to3795
pool-7-thread-9 pick event 224, current size: 3795
pool-7-thread-6 reduces to 3795
pool-7-thread-18 reduces to 3795
pool-7-thread-3 Reduce to3794
pool-7-thread-3 pick event 225, current size: 3794
pool-7-thread-10 Reduce to3793
pool-7-thread-10 pick event 226, current size: 3793
pool-7-thread-13 reduces to 3793
pool-7-thread-17 reduces to 3793
pool-7-thread-5 reduces to 3793
pool-7-thread-4 Reduce to3792
pool-7-thread-4 pick event 227, current size: 3792
pool-7-thread-9 reduces to 3792
pool-7-thread-3 reduces to 3791
pool-7-thread-10 reduces to 3791
pool-7-thread-3 reduces to 3791
pool-7-thread-14 Reduce to3790
pool-7-thread-14 pick event 229, current size: 3790
pool-7-thread-2 Reduce to3789
pool-7-thread-2 pick event 230, current size: 3789
pool-7-thread-4 reduces to 3789
pool-7-thread-11 Reduce to3788
pool-7-thread-11 pick event 231, current size: 3788
pool-7-thread-7 Reduce to3787
pool-7-thread-7 pick event 232, current size: 3787
pool-7-thread-15 Reduce to3786
pool-7-thread-15 pick event 233, current size: 3786
pool-7-thread-19 Reduce to3785
pool-7-thread-19 pick event 234, current size: 3785
pool-7-thread-14 reduces to 3785
pool-7-thread-16 Reduce to3784
pool-7-thread-16 pick event 235, current size: 3784
pool-7-thread-11 reduces to 3784
pool-7-thread-2 reduces to 3784
pool-7-thread-15 reduces to 3784
pool-7-thread-12 Reduce to3783
pool-7-thread-12 pick event 236, current size: 3783
pool-7-thread-19 reduces to 3783
pool-7-thread-16 reduces to 3783
pool-7-thread-8 Reduce to3782
pool-7-thread-8 pick event 237, current size: 3782
pool-7-thread-20 Reduce to3781
pool-7-thread-20 pick event 238, current size: 3781
pool-7-thread-7 reduces to 3781
pool-7-thread-6 Reduce to3780
pool-7-thread-6 pick event 239, current size: 3780
pool-7-thread-12 reduces to 3780
pool-7-thread-8 reduces to 3780
pool-7-thread-20 reduces to 3780
pool-7-thread-18 Reduce to3779
pool-7-thread-18 pick event 240, current size: 3779
pool-7-thread-13 Reduce to3778
pool-7-thread-13 pick event 241, current size: 3778
pool-7-thread-17 Reduce to3777
pool-7-thread-17 pick event 242, current size: 3777
pool-7-thread-6 reduces to 3777
pool-7-thread-18 reduces to 3777
pool-7-thread-5 Reduce to3776
pool-7-thread-5 pick event 243, current size: 3776
pool-7-thread-9 Reduce to3775
pool-7-thread-9 pick event 244, current size: 3775
pool-7-thread-1 Reduce to3774
pool-7-thread-1 pick event 245, current size: 3774
pool-7-thread-13 reduces to 3774
pool-7-thread-17 reduces to 3774
pool-7-thread-9 reduces to 3774
pool-7-thread-10 Reduce to3773
pool-7-thread-10 pick event 246, current size: 3773
pool-7-thread-1 reduces to 3773
pool-7-thread-3 Reduce to3772
pool-7-thread-3 pick event 247, current size: 3772
pool-7-thread-4 Reduce to3771
pool-7-thread-4 pick event 248, current size: 3771
pool-7-thread-14 Reduce to3770
pool-7-thread-14 pick event 249, current size: 3770
pool-7-thread-5 reduces to 3770
pool-7-thread-11 Reduce to3769
pool-7-thread-11 pick event 250, current size: 3769
pool-7-thread-3 reduces to 3769
pool-7-thread-2 Reduce to3768
pool-7-thread-2 pick event 251, current size: 3768
pool-7-thread-15 Reduce to3767
pool-7-thread-15 pick event 252, current size: 3767
pool-7-thread-11 reduces to 3767
pool-7-thread-10 reduces to 3767
pool-7-thread-14 reduces to 3767
pool-7-thread-16 Reduce to3766
pool-7-thread-16 pick event 253, current size: 3766
pool-7-thread-7 Reduce to3765
pool-7-thread-7 pick event 254, current size: 3765
pool-7-thread-19 Reduce to3764
pool-7-thread-19 pick event 255, current size: 3764
pool-7-thread-15 reduces to 3764
pool-7-thread-4 reduces to 3764
pool-7-thread-2 reduces to 3764
pool-7-thread-12 Reduce to3763
pool-7-thread-12 pick event 256, current size: 3763
pool-7-thread-8 Reduce to3762
pool-7-thread-8 pick event 257, current size: 3762
pool-7-thread-16 reduces to 3762
pool-7-thread-7 reduces to 3762
pool-7-thread-20 Reduce to3761
pool-7-thread-20 pick event 258, current size: 3761
pool-7-thread-19 reduces to 3761
pool-7-thread-6 Reduce to3760
pool-7-thread-6 pick event 259, current size: 3760
pool-7-thread-8 reduces to 3760
pool-7-thread-18 Reduce to3759
pool-7-thread-18 pick event 260, current size: 3759
pool-7-thread-13 Reduce to3758
pool-7-thread-13 pick event 261, current size: 3758
pool-7-thread-12 reduces to 3758
pool-7-thread-6 reduces to 3758
pool-7-thread-20 reduces to 3757
pool-7-thread-18 reduces to 3756
pool-7-thread-1 Reduce to3755
pool-7-thread-1 pick event 264, current size: 3755
pool-7-thread-18 reduces to 3755
pool-7-thread-13 reduces to 3755
pool-7-thread-5 Reduce to3754
pool-7-thread-5 pick event 265, current size: 3754
pool-7-thread-20 reduces to 3754
pool-7-thread-1 reduces to 3754
pool-7-thread-11 Reduce to3753
pool-7-thread-11 pick event 266, current size: 3753
pool-7-thread-3 Reduce to3752
pool-7-thread-3 pick event 267, current size: 3752
pool-7-thread-10 Reduce to3751
pool-7-thread-10 pick event 268, current size: 3751
pool-7-thread-15 Reduce to3750
pool-7-thread-15 pick event 269, current size: 3750
pool-7-thread-14 Reduce to3749
pool-7-thread-14 pick event 270, current size: 3749
pool-7-thread-12 Reduce to3748
pool-7-thread-12 pick event 271, current size: 3748
pool-7-thread-4 Reduce to3747
pool-7-thread-4 pick event 272, current size: 3747
pool-7-thread-2 Reduce to3746
pool-7-thread-5 reduces to 3746
pool-7-thread-2 pick event 273, current size: 3746
pool-7-thread-16 Reduce to3745
pool-7-thread-16 pick event 274, current size: 3745
pool-7-thread-7 Reduce to3744
pool-7-thread-7 pick event 275, current size: 3744
pool-7-thread-19 Reduce to3743
pool-7-thread-19 pick event 276, current size: 3743
pool-7-thread-8 Reduce to3742
pool-7-thread-8 pick event 277, current size: 3742
pool-7-thread-17 Reduce to3741
pool-7-thread-17 pick event 278, current size: 3741
pool-7-thread-11 reduces to 3741
pool-7-thread-6 Reduce to3740
pool-7-thread-6 pick event 279, current size: 3740
pool-7-thread-10 reduces to 3740
pool-7-thread-15 reduces to 3740
pool-7-thread-4 reduces to 3740
pool-7-thread-3 reduces to 3740
pool-7-thread-16 reduces to 3740
pool-7-thread-14 reduces to 3740
pool-7-thread-19 reduces to 3740
pool-7-thread-12 reduces to 3740
pool-7-thread-7 reduces to 3740
pool-7-thread-8 reduces to 3740
pool-7-thread-17 reduces to 3739
pool-7-thread-17 reduces to 3739
pool-7-thread-18 Reduce to3738
pool-7-thread-18 pick event 281, current size: 3738
pool-7-thread-1 Reduce to3737
pool-7-thread-6 reduces to 3737
pool-7-thread-2 reduces to 3737
pool-7-thread-1 pick event 282, current size: 3737
pool-7-thread-13 Reduce to3736
pool-7-thread-13 pick event 283, current size: 3736
pool-7-thread-20 Reduce to3735
pool-7-thread-20 pick event 284, current size: 3735
pool-7-thread-5 Reduce to3734
pool-7-thread-5 pick event 285, current size: 3734
pool-7-thread-10 Reduce to3733
pool-7-thread-10 pick event 286, current size: 3733
pool-7-thread-11 Reduce to3732
pool-7-thread-11 pick event 287, current size: 3732
pool-7-thread-13 reduces to 3732
pool-7-thread-1 reduces to 3732
pool-7-thread-18 reduces to 3732
pool-7-thread-5 reduces to 3732
pool-7-thread-15 Reduce to3731
pool-7-thread-15 pick event 288, current size: 3731
pool-7-thread-20 reduces to 3731
pool-7-thread-11 reduces to 3731
pool-7-thread-10 reduces to 3731
pool-7-thread-3 Reduce to3730
pool-7-thread-3 pick event 289, current size: 3730
pool-7-thread-4 Reduce to3729
pool-7-thread-4 pick event 290, current size: 3729
pool-7-thread-9 Reduce to3728
pool-7-thread-9 pick event 291, current size: 3728
pool-7-thread-15 reduces to 3728
pool-7-thread-16 Reduce to3727
pool-7-thread-16 pick event 292, current size: 3727
pool-7-thread-3 reduces to 3727
pool-7-thread-14 Reduce to3726
pool-7-thread-14 pick event 293, current size: 3726
pool-7-thread-9 reduces to 3726
pool-7-thread-19 Reduce to3725
pool-7-thread-19 pick event 294, current size: 3725
pool-7-thread-4 reduces to 3725
pool-7-thread-16 reduces to 3725
pool-7-thread-12 Reduce to3724
pool-7-thread-12 pick event 295, current size: 3724
pool-7-thread-7 Reduce to3723
pool-7-thread-7 pick event 296, current size: 3723
pool-7-thread-8 Reduce to3722
pool-7-thread-8 pick event 297, current size: 3722
pool-7-thread-19 reduces to 3722
pool-7-thread-17 Reduce to3721
pool-7-thread-17 pick event 298, current size: 3721
pool-7-thread-14 reduces to 3721
pool-7-thread-6 Reduce to3720
pool-7-thread-6 pick event 299, current size: 3720
pool-7-thread-7 reduces to 3720
pool-7-thread-2 Reduce to3719
pool-7-thread-2 pick event 300, current size: 3719
pool-7-thread-8 reduces to 3719
pool-7-thread-12 reduces to 3719
pool-7-thread-17 reduces to 3719
pool-7-thread-7 Reduce to3718
pool-7-thread-7 pick event 301, current size: 3718
pool-7-thread-1 Reduce to3717
pool-7-thread-1 pick event 302, current size: 3717
pool-7-thread-1 reduces to 3717
pool-7-thread-18 Reduce to3716
pool-7-thread-18 pick event 303, current size: 3716
pool-7-thread-5 Reduce to3715
pool-7-thread-5 pick event 304, current size: 3715
pool-7-thread-6 reduces to 3715
pool-7-thread-2 reduces to 3715
pool-7-thread-7 reduces to 3715
pool-7-thread-20 Reduce to3714
pool-7-thread-20 pick event 305, current size: 3714
pool-7-thread-5 reduces to 3714
pool-7-thread-18 reduces to 3714
pool-7-thread-11 Reduce to3713
pool-7-thread-11 pick event 306, current size: 3713
pool-7-thread-20 reduces to 3713
pool-7-thread-10 Reduce to3712
pool-7-thread-10 pick event 307, current size: 3712
pool-7-thread-15 Reduce to3711
pool-7-thread-15 pick event 308, current size: 3711
pool-7-thread-9 Reduce to3710
pool-7-thread-9 pick event 309, current size: 3710
pool-7-thread-3 Reduce to3709
pool-7-thread-3 pick event 310, current size: 3709
pool-7-thread-11 reduces to 3709
pool-7-thread-4 Reduce to3708
pool-7-thread-4 pick event 311, current size: 3708
pool-7-thread-15 reduces to 3708
pool-7-thread-16 Reduce to3707
pool-7-thread-16 pick event 312, current size: 3707
pool-7-thread-10 reduces to 3707
pool-7-thread-9 reduces to 3707
pool-7-thread-3 reduces to 3707
pool-7-thread-19 Reduce to3706
pool-7-thread-19 pick event 313, current size: 3706
pool-7-thread-13 Reduce to3705
pool-7-thread-13 pick event 314, current size: 3705
pool-7-thread-4 reduces to 3705
pool-7-thread-14 Reduce to3704
pool-7-thread-14 pick event 315, current size: 3704
pool-7-thread-8 Reduce to3703
pool-7-thread-8 pick event 316, current size: 3703
pool-7-thread-16 reduces to 3703
pool-7-thread-17 Reduce to3702
pool-7-thread-17 pick event 317, current size: 3702
pool-7-thread-12 Reduce to3701
pool-7-thread-12 pick event 318, current size: 3701
pool-7-thread-6 Reduce to3700
pool-7-thread-6 pick event 319, current size: 3700
pool-7-thread-19 reduces to 3700
pool-7-thread-2 Reduce to3699
pool-7-thread-2 pick event 320, current size: 3699
pool-7-thread-1 Reduce to3698
pool-7-thread-1 pick event 321, current size: 3698
pool-7-thread-5 Reduce to3697
pool-7-thread-5 pick event 322, current size: 3697
pool-7-thread-13 reduces to 3697
pool-7-thread-19 Reduce to3696
pool-7-thread-19 pick event 323, current size: 3696
pool-7-thread-14 reduces to 3696
pool-7-thread-18 Reduce to3695
pool-7-thread-18 pick event 324, current size: 3695
pool-7-thread-6 reduces to 3695
pool-7-thread-8 reduces to 3695
pool-7-thread-2 reduces to 3695
pool-7-thread-1 reduces to 3695
pool-7-thread-17 reduces to 3695
pool-7-thread-12 reduces to 3694
pool-7-thread-11 Reduce to3693
pool-7-thread-11 pick event 326, current size: 3693
pool-7-thread-5 reduces to 3693
pool-7-thread-12 reduces to 3693
pool-7-thread-15 Reduce to3692
pool-7-thread-15 pick event 327, current size: 3692
pool-7-thread-19 reduces to 3692
pool-7-thread-18 reduces to 3692
pool-7-thread-10 Reduce to3691
pool-7-thread-10 pick event 328, current size: 3691
pool-7-thread-9 Reduce to3690
pool-7-thread-9 pick event 329, current size: 3690
pool-7-thread-11 reduces to 3690
pool-7-thread-3 Reduce to3689
pool-7-thread-3 pick event 330, current size: 3689
pool-7-thread-16 Reduce to3688
pool-7-thread-16 pick event 331, current size: 3688
pool-7-thread-11 Reduce to3687
pool-7-thread-11 pick event 332, current size: 3687
pool-7-thread-10 reduces to 3687
pool-7-thread-15 reduces to 3687
pool-7-thread-16 reduces to 3687
pool-7-thread-9 reduces to 3687
pool-7-thread-7 Reduce to3686
pool-7-thread-7 pick event 333, current size: 3686
pool-7-thread-3 reduces to 3686
pool-7-thread-13 Reduce to3685
pool-7-thread-13 pick event 334, current size: 3685
pool-7-thread-14 Reduce to3684
pool-7-thread-14 pick event 335, current size: 3684
pool-7-thread-11 reduces to 3684
pool-7-thread-6 Reduce to3683
pool-7-thread-6 pick event 336, current size: 3683
pool-7-thread-7 reduces to 3683
pool-7-thread-8 Reduce to3682
pool-7-thread-8 pick event 337, current size: 3682
pool-7-thread-13 reduces to 3682
pool-7-thread-14 reduces to 3682
pool-7-thread-2 Reduce to3681
pool-7-thread-2 pick event 338, current size: 3681
pool-7-thread-8 reduces to 3681
pool-7-thread-1 Reduce to3680
pool-7-thread-1 pick event 339, current size: 3680
pool-7-thread-6 reduces to 3680
pool-7-thread-20 Reduce to3679
pool-7-thread-20 pick event 340, current size: 3679
pool-7-thread-17 Reduce to3678
pool-7-thread-17 pick event 341, current size: 3678
pool-7-thread-2 reduces to 3678
pool-7-thread-5 Reduce to3677
pool-7-thread-5 pick event 342, current size: 3677
pool-7-thread-1 reduces to 3677
pool-7-thread-20 reduces to 3677
pool-7-thread-12 Reduce to3676
pool-7-thread-12 pick event 343, current size: 3676
pool-7-thread-19 Reduce to3675
pool-7-thread-19 pick event 344, current size: 3675
pool-7-thread-18 Reduce to3674
pool-7-thread-18 pick event 345, current size: 3674
pool-7-thread-17 reduces to 3674
pool-7-thread-5 reduces to 3674
pool-7-thread-4 Reduce to3673
pool-7-thread-4 pick event 346, current size: 3673
pool-7-thread-12 reduces to 3673
pool-7-thread-18 reduces to 3673
pool-7-thread-19 reduces to 3673
pool-7-thread-10 Reduce to3672
pool-7-thread-10 pick event 347, current size: 3672
pool-7-thread-4 reduces to 3672
pool-7-thread-15 Reduce to3671
pool-7-thread-15 pick event 348, current size: 3671
pool-7-thread-9 Reduce to3670
pool-7-thread-9 pick event 349, current size: 3670
pool-7-thread-10 reduces to 3670
pool-7-thread-3 Reduce to3669
pool-7-thread-3 pick event 350, current size: 3669
pool-7-thread-16 Reduce to3668
pool-7-thread-16 pick event 351, current size: 3668
pool-7-thread-15 reduces to 3668
pool-7-thread-11 Reduce to3667
pool-7-thread-11 pick event 352, current size: 3667
pool-7-thread-9 reduces to 3667
pool-7-thread-16 reduces to 3667
pool-7-thread-7 Reduce to3666
pool-7-thread-7 pick event 353, current size: 3666
pool-7-thread-3 reduces to 3666
pool-7-thread-13 Reduce to3665
pool-7-thread-13 pick event 354, current size: 3665
pool-7-thread-14 Reduce to3664
pool-7-thread-14 pick event 355, current size: 3664
pool-7-thread-7 reduces to 3664
pool-7-thread-11 reduces to 3664
pool-7-thread-13 reduces to 3664
pool-7-thread-8 Reduce to3663
pool-7-thread-8 pick event 356, current size: 3663
pool-7-thread-6 Reduce to3662
pool-7-thread-6 pick event 357, current size: 3662
pool-7-thread-2 Reduce to3661
pool-7-thread-2 pick event 358, current size: 3661
pool-7-thread-14 reduces to 3661
pool-7-thread-14 Reduce to3660
pool-7-thread-14 pick event 359, current size: 3660
pool-7-thread-8 reduces to 3660
pool-7-thread-6 reduces to 3660
pool-7-thread-2 reduces to 3660
pool-7-thread-20 Reduce to3659
pool-7-thread-20 pick event 360, current size: 3659
pool-7-thread-17 Reduce to3658
pool-7-thread-17 pick event 361, current size: 3658
pool-7-thread-14 reduces to 3658
pool-7-thread-5 Reduce to3657
pool-7-thread-5 pick event 362, current size: 3657
pool-7-thread-20 reduces to 3657
pool-7-thread-12 Reduce to3656
pool-7-thread-12 pick event 363, current size: 3656
pool-7-thread-18 Reduce to3655
pool-7-thread-18 pick event 364, current size: 3655
pool-7-thread-17 reduces to 3655
pool-7-thread-19 Reduce to3654
pool-7-thread-19 pick event 365, current size: 3654
pool-7-thread-5 reduces to 3654
pool-7-thread-4 Reduce to3653
pool-7-thread-4 pick event 366, current size: 3653
pool-7-thread-12 reduces to 3653
pool-7-thread-10 Reduce to3652
pool-7-thread-10 pick event 367, current size: 3652
pool-7-thread-19 reduces to 3652
pool-7-thread-10 reduces to 3652
pool-7-thread-18 reduces to 3652
pool-7-thread-15 Reduce to3651
pool-7-thread-15 pick event 368, current size: 3651
pool-7-thread-9 Reduce to3650
pool-7-thread-9 pick event 369, current size: 3650
pool-7-thread-4 reduces to 3650
pool-7-thread-16 Reduce to3649
pool-7-thread-16 pick event 370, current size: 3649
pool-7-thread-3 Reduce to3648
pool-7-thread-3 pick event 371, current size: 3648
pool-7-thread-9 reduces to 3648
pool-7-thread-15 reduces to 3648
pool-7-thread-7 Reduce to3647
pool-7-thread-7 pick event 372, current size: 3647
pool-7-thread-16 reduces to 3647
pool-7-thread-11 Reduce to3646
pool-7-thread-11 pick event 373, current size: 3646
pool-7-thread-3 reduces to 3646
pool-7-thread-13 Reduce to3645
pool-7-thread-13 pick event 374, current size: 3645
pool-7-thread-7 reduces to 3645
pool-7-thread-1 Reduce to3644
pool-7-thread-1 pick event 375, current size: 3644
pool-7-thread-8 Reduce to3643
pool-7-thread-8 pick event 376, current size: 3643
pool-7-thread-13 reduces to 3643
pool-7-thread-11 reduces to 3643
pool-7-thread-6 Reduce to3642
pool-7-thread-6 pick event 377, current size: 3642
pool-7-thread-8 reduces to 3642
pool-7-thread-2 Reduce to3641
pool-7-thread-2 pick event 378, current size: 3641
pool-7-thread-1 reduces to 3641
pool-7-thread-14 Reduce to3640
pool-7-thread-14 pick event 379, current size: 3640
pool-7-thread-20 Reduce to3639
pool-7-thread-20 pick event 380, current size: 3639
pool-7-thread-17 Reduce to3638
pool-7-thread-17 pick event 381, current size: 3638
pool-7-thread-6 reduces to 3638
pool-7-thread-2 reduces to 3638
pool-7-thread-6 Reduce to3637
pool-7-thread-6 pick event 382, current size: 3637
pool-7-thread-14 reduces to 3637
pool-7-thread-20 reduces to 3637
pool-7-thread-12 Reduce to3636
pool-7-thread-12 pick event 383, current size: 3636
pool-7-thread-19 Reduce to3635
pool-7-thread-19 pick event 384, current size: 3635
pool-7-thread-6 reduces to 3635
pool-7-thread-10 Reduce to3634
pool-7-thread-10 pick event 385, current size: 3634
pool-7-thread-17 reduces to 3634
pool-7-thread-18 Reduce to3633
pool-7-thread-18 pick event 386, current size: 3633
pool-7-thread-19 reduces to 3633
pool-7-thread-4 Reduce to3632
pool-7-thread-4 pick event 387, current size: 3632
pool-7-thread-12 reduces to 3632
pool-7-thread-9 Reduce to3631
pool-7-thread-9 pick event 388, current size: 3631
pool-7-thread-15 Reduce to3630
pool-7-thread-15 pick event 389, current size: 3630
pool-7-thread-16 Reduce to3629
pool-7-thread-16 pick event 390, current size: 3629
pool-7-thread-4 reduces to 3629
pool-7-thread-18 reduces to 3629
pool-7-thread-9 reduces to 3629
pool-7-thread-10 reduces to 3629
pool-7-thread-7 Reduce to3628
pool-7-thread-7 pick event 391, current size: 3628
pool-7-thread-3 Reduce to3627
pool-7-thread-3 pick event 392, current size: 3627
pool-7-thread-16 reduces to 3627
pool-7-thread-15 reduces to 3627
pool-7-thread-15 Reduce to3626
pool-7-thread-15 pick event 394, current size: 3626
pool-7-thread-7 reduces to 3626
pool-7-thread-8 Reduce to3625
pool-7-thread-8 pick event 395, current size: 3625
pool-7-thread-3 reduces to 3624
pool-7-thread-3 reduces to 3624
pool-7-thread-1 Reduce to3623
pool-7-thread-1 pick event 396, current size: 3623
pool-7-thread-15 reduces to 3623
pool-7-thread-5 Reduce to3622
pool-7-thread-5 pick event 397, current size: 3622
pool-7-thread-14 Reduce to3621
pool-7-thread-14 pick event 398, current size: 3621
pool-7-thread-8 reduces to 3621
pool-7-thread-1 reduces to 3621
pool-7-thread-20 Reduce to3620
pool-7-thread-20 pick event 400, current size: 3620
pool-7-thread-6 Reduce to3619
pool-7-thread-6 pick event 401, current size: 3619
pool-7-thread-17 Reduce to3618
pool-7-thread-17 pick event 402, current size: 3618
pool-7-thread-5 reduces to 3617
pool-7-thread-19 Reduce to3616
pool-7-thread-19 pick event 403, current size: 3616
pool-7-thread-14 reduces to 3616
pool-7-thread-5 reduces to 3616
pool-7-thread-12 Reduce to3615
pool-7-thread-12 pick event 404, current size: 3615
pool-7-thread-6 reduces to 3615
pool-7-thread-20 reduces to 3615
pool-7-thread-4 Reduce to3614
pool-7-thread-4 pick event 405, current size: 3614
pool-7-thread-18 Reduce to3613
pool-7-thread-18 pick event 406, current size: 3613
pool-7-thread-17 reduces to 3613
pool-7-thread-9 Reduce to3612
pool-7-thread-9 pick event 407, current size: 3612
pool-7-thread-19 reduces to 3612
pool-7-thread-10 Reduce to3611
pool-7-thread-10 pick event 408, current size: 3611
pool-7-thread-16 Reduce to3610
pool-7-thread-16 pick event 409, current size: 3610
pool-7-thread-4 reduces to 3610
pool-7-thread-9 reduces to 3610
pool-7-thread-11 Reduce to3609
pool-7-thread-11 pick event 410, current size: 3609
pool-7-thread-12 reduces to 3609
pool-7-thread-10 reduces to 3609
pool-7-thread-16 reduces to 3609
pool-7-thread-18 reduces to 3609
pool-7-thread-13 Reduce to3608
pool-7-thread-13 pick event 411, current size: 3608
pool-7-thread-7 Reduce to3607
pool-7-thread-7 pick event 412, current size: 3607
pool-7-thread-3 Reduce to3606
pool-7-thread-3 pick event 413, current size: 3606
pool-7-thread-11 reduces to 3606
pool-7-thread-15 Reduce to3605
pool-7-thread-15 pick event 414, current size: 3605
pool-7-thread-8 Reduce to3604
pool-7-thread-8 pick event 415, current size: 3604
pool-7-thread-13 reduces to 3604
pool-7-thread-2 Reduce to3603
pool-7-thread-2 pick event 416, current size: 3603
pool-7-thread-7 reduces to 3603
pool-7-thread-15 reduces to 3603
pool-7-thread-3 reduces to 3603
pool-7-thread-1 Reduce to3602
pool-7-thread-1 pick event 417, current size: 3602
pool-7-thread-8 reduces to 3602
pool-7-thread-14 Reduce to3601
pool-7-thread-14 pick event 418, current size: 3601
pool-7-thread-5 Reduce to3600
pool-7-thread-5 pick event 419, current size: 3600
pool-7-thread-2 reduces to 3600
pool-7-thread-6 Reduce to3599
pool-7-thread-6 pick event 420, current size: 3599
pool-7-thread-1 reduces to 3599
pool-7-thread-20 Reduce to3598
pool-7-thread-20 pick event 421, current size: 3598
pool-7-thread-17 Reduce to3597
pool-7-thread-17 pick event 422, current size: 3597
pool-7-thread-5 reduces to 3597
pool-7-thread-14 reduces to 3597
pool-7-thread-19 Reduce to3596
pool-7-thread-19 pick event 423, current size: 3596
pool-7-thread-4 Reduce to3595
pool-7-thread-4 pick event 424, current size: 3595
pool-7-thread-6 reduces to 3595
pool-7-thread-17 reduces to 3595
pool-7-thread-20 reduces to 3595
pool-7-thread-9 Reduce to3594
pool-7-thread-9 pick event 425, current size: 3594
pool-7-thread-12 Reduce to3593
pool-7-thread-12 pick event 426, current size: 3593
pool-7-thread-19 reduces to 3593
pool-7-thread-10 Reduce to3592
pool-7-thread-10 pick event 427, current size: 3592
pool-7-thread-16 Reduce to3591
pool-7-thread-16 pick event 428, current size: 3591
pool-7-thread-4 reduces to 3591
pool-7-thread-18 Reduce to3590
pool-7-thread-18 pick event 429, current size: 3590
pool-7-thread-9 reduces to 3590
pool-7-thread-11 Reduce to3589
pool-7-thread-11 pick event 430, current size: 3589
pool-7-thread-10 reduces to 3589
pool-7-thread-13 Reduce to3588
pool-7-thread-13 pick event 431, current size: 3588
pool-7-thread-16 reduces to 3588
pool-7-thread-12 reduces to 3588
pool-7-thread-7 Reduce to3587
pool-7-thread-7 pick event 432, current size: 3587
pool-7-thread-18 reduces to 3587
pool-7-thread-11 reduces to 3587
pool-7-thread-15 Reduce to3586
pool-7-thread-15 pick event 433, current size: 3586
pool-7-thread-3 Reduce to3585
pool-7-thread-3 pick event 434, current size: 3585
pool-7-thread-13 reduces to 3585
pool-7-thread-7 reduces to 3585
pool-7-thread-13 Reduce to3584
pool-7-thread-13 pick event 435, current size: 3584
pool-7-thread-15 reduces to 3584
pool-7-thread-1 Reduce to3583
pool-7-thread-1 pick event 436, current size: 3583
pool-7-thread-3 reduces to 3583
pool-7-thread-5 Reduce to3582
pool-7-thread-5 pick event 438, current size: 3582
pool-7-thread-1 reduces to 3582
pool-7-thread-14 Reduce to3581
pool-7-thread-14 pick event 439, current size: 3581
pool-7-thread-13 reduces to 3580
pool-7-thread-6 Reduce to3579
pool-7-thread-6 pick event 440, current size: 3579
pool-7-thread-13 reduces to 3579
pool-7-thread-17 Reduce to3578
pool-7-thread-17 pick event 441, current size: 3578
pool-7-thread-20 Reduce to3577
pool-7-thread-20 pick event 442, current size: 3577
pool-7-thread-9 Reduce to3576
pool-7-thread-9 pick event 443, current size: 3576
pool-7-thread-14 reduces to 3576
pool-7-thread-19 Reduce to3575
pool-7-thread-19 pick event 444, current size: 3575
pool-7-thread-6 reduces to 3575
pool-7-thread-4 Reduce to3574
pool-7-thread-4 pick event 445, current size: 3574
pool-7-thread-5 reduces to 3574
pool-7-thread-16 Reduce to3573
pool-7-thread-16 pick event 446, current size: 3573
pool-7-thread-10 Reduce to3572
pool-7-thread-10 pick event 447, current size: 3572
pool-7-thread-17 reduces to 3572
pool-7-thread-12 Reduce to3571
pool-7-thread-12 pick event 448, current size: 3571
pool-7-thread-20 reduces to 3571
pool-7-thread-9 reduces to 3571
pool-7-thread-4 reduces to 3571
pool-7-thread-19 reduces to 3571
pool-7-thread-18 Reduce to3570
pool-7-thread-18 pick event 449, current size: 3570
pool-7-thread-16 reduces to 3570
pool-7-thread-11 Reduce to3569
pool-7-thread-11 pick event 450, current size: 3569
pool-7-thread-12 reduces to 3569
pool-7-thread-8 Reduce to3568
pool-7-thread-8 pick event 451, current size: 3568
pool-7-thread-7 Reduce to3567
pool-7-thread-7 pick event 452, current size: 3567
pool-7-thread-18 reduces to 3567
pool-7-thread-15 Reduce to3566
pool-7-thread-15 pick event 453, current size: 3566
pool-7-thread-10 reduces to 3566
pool-7-thread-8 reduces to 3566
pool-7-thread-3 Reduce to3565
pool-7-thread-3 pick event 454, current size: 3565
pool-7-thread-11 reduces to 3565
pool-7-thread-7 reduces to 3564
pool-7-thread-7 reduces to 3564
pool-7-thread-1 Reduce to3563
pool-7-thread-1 pick event 456, current size: 3563
pool-7-thread-13 Reduce to3562
pool-7-thread-13 pick event 457, current size: 3562
pool-7-thread-14 Reduce to3561
pool-7-thread-14 pick event 458, current size: 3561
pool-7-thread-15 reduces to 3561
pool-7-thread-3 reduces to 3561
pool-7-thread-6 Reduce to3560
pool-7-thread-6 pick event 459, current size: 3560
pool-7-thread-5 Reduce to3559
pool-7-thread-5 pick event 460, current size: 3559
pool-7-thread-17 Reduce to3558
pool-7-thread-17 pick event 461, current size: 3558
pool-7-thread-20 Reduce to3557
pool-7-thread-20 pick event 462, current size: 3557
pool-7-thread-9 Reduce to3556
pool-7-thread-9 pick event 463, current size: 3556
pool-7-thread-1 reduces to 3556
pool-7-thread-14 reduces to 3556
pool-7-thread-13 reduces to 3556
pool-7-thread-6 reduces to 3556
pool-7-thread-5 reduces to 3556
pool-7-thread-4 Reduce to3555
pool-7-thread-4 pick event 464, current size: 3555
pool-7-thread-6 Reduce to3554
pool-7-thread-6 pick event 465, current size: 3554
pool-7-thread-16 Reduce to3553
pool-7-thread-16 pick event 466, current size: 3553
pool-7-thread-20 reduces to 3553
pool-7-thread-9 reduces to 3553
pool-7-thread-17 reduces to 3553
pool-7-thread-6 reduces to 3553
pool-7-thread-12 Reduce to3552
pool-7-thread-12 pick event 467, current size: 3552
pool-7-thread-16 reduces to 3552
pool-7-thread-18 Reduce to3551
pool-7-thread-18 pick event 468, current size: 3551
pool-7-thread-4 reduces to 3551
pool-7-thread-10 Reduce to3550
pool-7-thread-10 pick event 469, current size: 3550
pool-7-thread-8 Reduce to3549
pool-7-thread-8 pick event 470, current size: 3549
pool-7-thread-12 reduces to 3549
pool-7-thread-11 Reduce to3548
pool-7-thread-11 pick event 471, current size: 3548
pool-7-thread-18 reduces to 3548
pool-7-thread-2 Reduce to3547
pool-7-thread-2 pick event 472, current size: 3547
pool-7-thread-10 reduces to 3547
pool-7-thread-8 reduces to 3547
pool-7-thread-7 Reduce to3546
pool-7-thread-7 pick event 473, current size: 3546
pool-7-thread-11 reduces to 3546
pool-7-thread-15 Reduce to3545
pool-7-thread-15 pick event 474, current size: 3545
pool-7-thread-2 reduces to 3545
pool-7-thread-3 Reduce to3544
pool-7-thread-3 pick event 475, current size: 3544
pool-7-thread-7 reduces to 3544
pool-7-thread-1 Reduce to3543
pool-7-thread-1 pick event 476, current size: 3543
pool-7-thread-14 Reduce to3542
pool-7-thread-14 pick event 477, current size: 3542
pool-7-thread-15 reduces to 3542
pool-7-thread-13 Reduce to3541
pool-7-thread-13 pick event 478, current size: 3541
pool-7-thread-19 Reduce to3540
pool-7-thread-19 pick event 479, current size: 3540
pool-7-thread-3 reduces to 3540
pool-7-thread-1 reduces to 3540
pool-7-thread-5 Reduce to3539
pool-7-thread-5 pick event 480, current size: 3539
pool-7-thread-14 reduces to 3539
pool-7-thread-13 reduces to 3539
pool-7-thread-20 Reduce to3538
pool-7-thread-20 pick event 481, current size: 3538
pool-7-thread-9 Reduce to3537
pool-7-thread-9 pick event 482, current size: 3537
pool-7-thread-17 Reduce to3536
pool-7-thread-17 pick event 483, current size: 3536
pool-7-thread-19 reduces to 3536
pool-7-thread-5 reduces to 3536
pool-7-thread-19 Reduce to3535
pool-7-thread-19 pick event 484, current size: 3535
pool-7-thread-20 reduces to 3535
pool-7-thread-16 Reduce to3534
pool-7-thread-16 pick event 485, current size: 3534
pool-7-thread-9 reduces to 3534
pool-7-thread-4 Reduce to3533
pool-7-thread-4 pick event 486, current size: 3533
pool-7-thread-17 reduces to 3533
pool-7-thread-19 reduces to 3533
pool-7-thread-18 Reduce to3532
pool-7-thread-18 pick event 488, current size: 3532
pool-7-thread-4 reduces to 3531
pool-7-thread-16 reduces to 3530
pool-7-thread-8 Reduce to3529
pool-7-thread-8 pick event 490, current size: 3529
pool-7-thread-4 reduces to 3529
pool-7-thread-16 reduces to 3529
pool-7-thread-11 Reduce to3528
pool-7-thread-11 pick event 491, current size: 3528
pool-7-thread-18 reduces to 3528
pool-7-thread-2 Reduce to3527
pool-7-thread-2 pick event 492, current size: 3527
pool-7-thread-7 Reduce to3526
pool-7-thread-7 pick event 493, current size: 3526
pool-7-thread-8 reduces to 3526
pool-7-thread-3 Reduce to3525
pool-7-thread-3 pick event 495, current size: 3525
pool-7-thread-1 Reduce to3524
pool-7-thread-1 pick event 496, current size: 3524
pool-7-thread-14 Reduce to3523
pool-7-thread-14 pick event 497, current size: 3523
pool-7-thread-13 Reduce to3522
pool-7-thread-13 pick event 498, current size: 3522
pool-7-thread-7 reduces to 3521
pool-7-thread-6 Reduce to3520
pool-7-thread-6 pick event 499, current size: 3520
pool-7-thread-11 reduces to 3520
pool-7-thread-5 Reduce to3519
pool-7-thread-5 pick event 500, current size: 3519
pool-7-thread-20 Reduce to3518
pool-7-thread-20 pick event 501, current size: 3518
pool-7-thread-7 reduces to 3518
pool-7-thread-9 Reduce to3517
pool-7-thread-9 pick event 502, current size: 3517
pool-7-thread-17 Reduce to3516
pool-7-thread-17 pick event 503, current size: 3516
pool-7-thread-2 reduces to 3516
pool-7-thread-13 reduces to 3516
pool-7-thread-12 Reduce to3515
pool-7-thread-12 pick event 504, current size: 3515
pool-7-thread-3 reduces to 3515
pool-7-thread-6 reduces to 3515
pool-7-thread-1 reduces to 3515
pool-7-thread-20 reduces to 3515
pool-7-thread-19 Reduce to3514
pool-7-thread-19 pick event 505, current size: 3514
pool-7-thread-5 reduces to 3514
pool-7-thread-14 reduces to 3514
pool-7-thread-10 Reduce to3513
pool-7-thread-10 pick event 506, current size: 3513
pool-7-thread-4 Reduce to3512
pool-7-thread-4 pick event 507, current size: 3512
pool-7-thread-16 Reduce to3511
pool-7-thread-16 pick event 508, current size: 3511
pool-7-thread-9 reduces to 3511
pool-7-thread-17 reduces to 3511
pool-7-thread-12 reduces to 3511
pool-7-thread-8 Reduce to3510
pool-7-thread-8 pick event 510, current size: 3510
pool-7-thread-15 Reduce to3509
pool-7-thread-15 pick event 511, current size: 3509
pool-7-thread-11 Reduce to3508
pool-7-thread-11 pick event 512, current size: 3508
pool-7-thread-10 reduces to 3508
pool-7-thread-19 reduces to 3508
pool-7-thread-16 reduces to 3507
pool-7-thread-4 reduces to 3507
pool-7-thread-7 Reduce to3506
pool-7-thread-7 pick event 514, current size: 3506
pool-7-thread-16 reduces to 3505
pool-7-thread-8 reduces to 3505
pool-7-thread-13 Reduce to3504
pool-7-thread-13 pick event 515, current size: 3504
pool-7-thread-15 reduces to 3504
pool-7-thread-11 reduces to 3504
pool-7-thread-6 Reduce to3503
pool-7-thread-6 pick event 516, current size: 3503
pool-7-thread-3 Reduce to3502
pool-7-thread-3 pick event 517, current size: 3502
pool-7-thread-16 reduces to 3502
pool-7-thread-7 reduces to 3502
pool-7-thread-1 Reduce to3501
pool-7-thread-1 pick event 518, current size: 3501
pool-7-thread-20 pick event 519, current size: 3500
pool-7-thread-5 pick event 520, current size: 3499
pool-7-thread-14 pick event 521, current size: 3498
pool-7-thread-9 pick event 522, current size: 3497
pool-7-thread-18 pick event 523, current size: 3496
pool-7-thread-17 pick event 524, current size: 3495
pool-7-thread-12 pick event 525, current size: 3494
pool-7-thread-10 pick event 526, current size: 3493
pool-7-thread-19 pick event 527, current size: 3492
pool-7-thread-12 pick event 528, current size: 3491
pool-7-thread-4 pick event 529, current size: 3490
pool-7-thread-8 pick event 530, current size: 3489
pool-7-thread-15 pick event 531, current size: 3488
pool-7-thread-11 pick event 532, current size: 3487
pool-7-thread-16 pick event 533, current size: 3486
pool-7-thread-15 pick event 534, current size: 3485
pool-7-thread-6 pick event 535, current size: 3484
pool-7-thread-13 pick event 536, current size: 3483
pool-7-thread-3 pick event 537, current size: 3482
pool-7-thread-1 pick event 538, current size: 3481
pool-7-thread-20 pick event 539, current size: 3480
pool-7-thread-5 pick event 540, current size: 3479
pool-7-thread-9 pick event 541, current size: 3478
pool-7-thread-14 pick event 542, current size: 3477
pool-7-thread-2 pick event 543, current size: 3476
pool-7-thread-18 pick event 544, current size: 3475
pool-7-thread-10 pick event 545, current size: 3474
pool-7-thread-17 pick event 546, current size: 3473
pool-7-thread-4 pick event 547, current size: 3472
pool-7-thread-8 pick event 548, current size: 3471
pool-7-thread-12 pick event 549, current size: 3470
pool-7-thread-19 pick event 550, current size: 3469
pool-7-thread-7 pick event 551, current size: 3468
pool-7-thread-11 pick event 552, current size: 3467
pool-7-thread-16 pick event 553, current size: 3466
pool-7-thread-15 pick event 554, current size: 3465
pool-7-thread-6 pick event 555, current size: 3464
pool-7-thread-13 pick event 556, current size: 3463
pool-7-thread-20 pick event 557, current size: 3462
pool-7-thread-1 pick event 558, current size: 3461
pool-7-thread-3 pick event 559, current size: 3460
pool-7-thread-5 pick event 560, current size: 3459
pool-7-thread-9 pick event 561, current size: 3458
pool-7-thread-20 pick event 562, current size: 3457
pool-7-thread-14 pick event 563, current size: 3456
pool-7-thread-17 pick event 564, current size: 3455
pool-7-thread-18 pick event 565, current size: 3454
pool-7-thread-10 pick event 566, current size: 3453
pool-7-thread-12 pick event 567, current size: 3452
pool-7-thread-4 pick event 568, current size: 3451
pool-7-thread-8 pick event 569, current size: 3450
pool-7-thread-19 pick event 570, current size: 3449
pool-7-thread-12 pick event 571, current size: 3448
pool-7-thread-11 pick event 572, current size: 3447
pool-7-thread-16 pick event 573, current size: 3446
pool-7-thread-15 pick event 574, current size: 3445
pool-7-thread-6 pick event 575, current size: 3444
pool-7-thread-13 pick event 576, current size: 3443
pool-7-thread-16 pick event 577, current size: 3442
pool-7-thread-15 pick event 578, current size: 3441
pool-7-thread-5 pick event 579, current size: 3440
pool-7-thread-1 pick event 580, current size: 3439
pool-7-thread-9 pick event 581, current size: 3438
pool-7-thread-20 pick event 582, current size: 3437
pool-7-thread-14 pick event 583, current size: 3436
pool-7-thread-17 pick event 584, current size: 3435
pool-7-thread-18 pick event 585, current size: 3434
pool-7-thread-7 pick event 587, current size: 3433
pool-7-thread-19 pick event 588, current size: 3431
pool-7-thread-8 pick event 589, current size: 3430
pool-7-thread-4 pick event 590, current size: 3429
pool-7-thread-12 pick event 591, current size: 3428
pool-7-thread-11 pick event 592, current size: 3427
pool-7-thread-2 pick event 593, current size: 3426
pool-7-thread-3 pick event 594, current size: 3425
pool-7-thread-13 pick event 595, current size: 3424
pool-7-thread-6 pick event 596, current size: 3423
pool-7-thread-16 pick event 597, current size: 3422
pool-7-thread-5 pick event 598, current size: 3421
pool-7-thread-15 pick event 599, current size: 3420
pool-7-thread-9 pick event 600, current size: 3419
pool-7-thread-1 pick event 601, current size: 3418
pool-7-thread-15 pick event 602, current size: 3417
pool-7-thread-20 pick event 603, current size: 3416
pool-7-thread-10 pick event 604, current size: 3415
pool-7-thread-17 pick event 605, current size: 3414
pool-7-thread-18 pick event 606, current size: 3413
pool-7-thread-19 pick event 607, current size: 3412
pool-7-thread-7 pick event 608, current size: 3411
pool-7-thread-8 pick event 609, current size: 3410
pool-7-thread-18 pick event 610, current size: 3409
pool-7-thread-11 pick event 611, current size: 3408
pool-7-thread-4 pick event 612, current size: 3407
pool-7-thread-2 pick event 613, current size: 3406
pool-7-thread-3 pick event 614, current size: 3405
pool-7-thread-13 pick event 615, current size: 3404
pool-7-thread-6 pick event 616, current size: 3403
pool-7-thread-2 pick event 617, current size: 3402
pool-7-thread-5 pick event 618, current size: 3401
pool-7-thread-14 pick event 619, current size: 3400
pool-7-thread-9 pick event 620, current size: 3399
pool-7-thread-1 pick event 621, current size: 3398
pool-7-thread-12 pick event 623, current size: 3397
pool-7-thread-20 pick event 624, current size: 3395
pool-7-thread-10 pick event 625, current size: 3394
pool-7-thread-17 pick event 626, current size: 3393
pool-7-thread-19 pick event 627, current size: 3392
pool-7-thread-8 pick event 628, current size: 3391
pool-7-thread-7 pick event 629, current size: 3390
pool-7-thread-11 pick event 630, current size: 3389
pool-7-thread-18 pick event 631, current size: 3388
pool-7-thread-16 pick event 632, current size: 3387
pool-7-thread-4 pick event 633, current size: 3386
pool-7-thread-13 pick event 634, current size: 3385
pool-7-thread-3 pick event 635, current size: 3384
pool-7-thread-6 pick event 636, current size: 3383
pool-7-thread-2 pick event 637, current size: 3382
pool-7-thread-13 pick event 638, current size: 3381
pool-7-thread-15 pick event 639, current size: 3380
pool-7-thread-5 pick event 640, current size: 3379
pool-7-thread-9 pick event 641, current size: 3378
pool-7-thread-1 pick event 642, current size: 3377
pool-7-thread-12 pick event 643, current size: 3376
pool-7-thread-10 pick event 644, current size: 3375
pool-7-thread-8 pick event 645, current size: 3374
pool-7-thread-17 pick event 646, current size: 3373
pool-7-thread-20 pick event 647, current size: 3372
pool-7-thread-11 pick event 648, current size: 3371
pool-7-thread-16 pick event 649, current size: 3370
pool-7-thread-19 pick event 650, current size: 3369
pool-7-thread-18 pick event 651, current size: 3368
pool-7-thread-4 pick event 652, current size: 3367
pool-7-thread-14 pick event 653, current size: 3366
pool-7-thread-7 pick event 654, current size: 3365
pool-7-thread-3 pick event 655, current size: 3364
pool-7-thread-19 pick event 656, current size: 3363
pool-7-thread-6 pick event 657, current size: 3362
pool-7-thread-13 pick event 659, current size: 3360
pool-7-thread-9 pick event 660, current size: 3359
pool-7-thread-5 pick event 661, current size: 3358
pool-7-thread-1 pick event 662, current size: 3357
pool-7-thread-10 pick event 663, current size: 3356
pool-7-thread-12 pick event 664, current size: 3355
pool-7-thread-8 pick event 665, current size: 3354
pool-7-thread-17 pick event 666, current size: 3353
pool-7-thread-20 pick event 667, current size: 3352
pool-7-thread-16 pick event 668, current size: 3351
pool-7-thread-11 pick event 669, current size: 3350
pool-7-thread-18 pick event 670, current size: 3349
pool-7-thread-2 pick event 671, current size: 3348
pool-7-thread-14 pick event 672, current size: 3347
pool-7-thread-4 pick event 673, current size: 3346
pool-7-thread-15 pick event 674, current size: 3345
pool-7-thread-7 pick event 675, current size: 3344
pool-7-thread-3 pick event 676, current size: 3343
pool-7-thread-19 pick event 677, current size: 3342
pool-7-thread-6 pick event 678, current size: 3341
pool-7-thread-13 pick event 679, current size: 3340
pool-7-thread-9 pick event 680, current size: 3339
pool-7-thread-5 pick event 681, current size: 3338
pool-7-thread-6 pick event 682, current size: 3337
pool-7-thread-1 pick event 683, current size: 3336
pool-7-thread-12 pick event 684, current size: 3335
pool-7-thread-9 pick event 685, current size: 3334
pool-7-thread-17 pick event 686, current size: 3333
pool-7-thread-20 pick event 687, current size: 3332
pool-7-thread-16 pick event 688, current size: 3331
pool-7-thread-11 pick event 689, current size: 3330
pool-7-thread-2 pick event 690, current size: 3329
pool-7-thread-18 pick event 691, current size: 3328
pool-7-thread-4 pick event 692, current size: 3327
pool-7-thread-15 pick event 693, current size: 3326
pool-7-thread-14 pick event 694, current size: 3325
pool-7-thread-3 pick event 695, current size: 3324
pool-7-thread-19 pick event 696, current size: 3323
pool-7-thread-13 pick event 697, current size: 3322
pool-7-thread-7 pick event 698, current size: 3321
pool-7-thread-10 pick event 699, current size: 3320
pool-7-thread-8 pick event 700, current size: 3319
pool-7-thread-5 pick event 701, current size: 3318
pool-7-thread-6 pick event 702, current size: 3317
pool-7-thread-1 pick event 703, current size: 3316
pool-7-thread-12 pick event 704, current size: 3315
pool-7-thread-9 pick event 705, current size: 3314
pool-7-thread-20 pick event 706, current size: 3313
pool-7-thread-12 pick event 707, current size: 3312
pool-7-thread-16 pick event 708, current size: 3311
pool-7-thread-2 pick event 709, current size: 3310
pool-7-thread-18 pick event 710, current size: 3309
pool-7-thread-11 pick event 711, current size: 3308
pool-7-thread-4 pick event 712, current size: 3307
pool-7-thread-14 pick event 713, current size: 3306
pool-7-thread-15 pick event 714, current size: 3305
pool-7-thread-3 pick event 715, current size: 3304
pool-7-thread-19 pick event 716, current size: 3303
pool-7-thread-13 pick event 717, current size: 3302
pool-7-thread-5 pick event 718, current size: 3301
pool-7-thread-7 pick event 719, current size: 3300
pool-7-thread-10 pick event 720, current size: 3299
pool-7-thread-8 pick event 721, current size: 3298
pool-7-thread-6 pick event 722, current size: 3297
[...]
pool-16-thread-2 pick event 3619, current size: 400
pool-16-thread-12 pick event 3620, current size: 399
pool-16-thread-19 pick event 3621, current size: 398
pool-16-thread-6 pick event 3622, current size: 397
pool-16-thread-13 pick event 3623, current size: 396
pool-16-thread-4 pick event 3624, current size: 395
pool-16-thread-20 pick event 3625, current size: 394
pool-16-thread-11 pick event 3626, current size: 393
pool-16-thread-10 pick event 3627, current size: 392
pool-16-thread-13 pick event 3628, current size: 391
pool-16-thread-1 pick event 3629, current size: 390
pool-16-thread-14 pick event 3630, current size: 389
pool-16-thread-7 pick event 3631, current size: 388
pool-16-thread-18 pick event 3632, current size: 387
pool-16-thread-5 pick event 3633, current size: 386
pool-16-thread-16 pick event 3634, current size: 385
pool-16-thread-9 pick event 3635, current size: 384
pool-16-thread-18 pick event 3636, current size: 383
pool-16-thread-3 pick event 3637, current size: 382
pool-16-thread-15 pick event 3638, current size: 381
pool-16-thread-2 pick event 3639, current size: 380
pool-16-thread-19 pick event 3640, current size: 379
pool-16-thread-6 pick event 3641, current size: 378
pool-16-thread-8 pick event 3643, current size: 377
pool-16-thread-20 pick event 3644, current size: 375
pool-16-thread-4 pick event 3645, current size: 374
pool-16-thread-11 pick event 3646, current size: 373
pool-16-thread-10 pick event 3647, current size: 372
pool-16-thread-1 pick event 3648, current size: 371
pool-16-thread-13 pick event 3649, current size: 370
pool-16-thread-7 pick event 3650, current size: 369
pool-16-thread-14 pick event 3651, current size: 368
pool-16-thread-17 pick event 3652, current size: 367
pool-16-thread-5 pick event 3653, current size: 366
pool-16-thread-16 pick event 3654, current size: 365
pool-16-thread-9 pick event 3655, current size: 364
pool-16-thread-18 pick event 3656, current size: 363
pool-16-thread-16 pick event 3657, current size: 362
pool-16-thread-3 pick event 3658, current size: 361
pool-16-thread-12 pick event 3659, current size: 360
pool-16-thread-19 pick event 3660, current size: 359
pool-16-thread-15 pick event 3661, current size: 358
pool-16-thread-12 pick event 3662, current size: 357
pool-16-thread-6 pick event 3663, current size: 356
pool-16-thread-11 pick event 3664, current size: 355
pool-16-thread-20 pick event 3665, current size: 354
pool-16-thread-4 pick event 3666, current size: 353
pool-16-thread-10 pick event 3667, current size: 352
pool-16-thread-1 pick event 3668, current size: 351
pool-16-thread-7 pick event 3669, current size: 350
pool-16-thread-13 pick event 3670, current size: 349
pool-16-thread-14 pick event 3671, current size: 348
pool-16-thread-17 pick event 3672, current size: 347
pool-16-thread-5 pick event 3673, current size: 346
pool-16-thread-2 pick event 3674, current size: 345
pool-16-thread-9 pick event 3675, current size: 344
pool-16-thread-13 pick event 3676, current size: 343
pool-16-thread-3 pick event 3678, current size: 342
pool-16-thread-9 pick event 3679, current size: 340
pool-16-thread-19 pick event 3680, current size: 339
pool-16-thread-15 pick event 3681, current size: 338
pool-16-thread-12 pick event 3682, current size: 337
pool-16-thread-6 pick event 3683, current size: 336
pool-16-thread-11 pick event 3684, current size: 335
pool-16-thread-20 pick event 3685, current size: 334
pool-16-thread-10 pick event 3686, current size: 333
pool-16-thread-4 pick event 3687, current size: 332
pool-16-thread-7 pick event 3688, current size: 331
pool-16-thread-1 pick event 3689, current size: 330
pool-16-thread-18 pick event 3691, current size: 329
pool-16-thread-17 pick event 3692, current size: 328
pool-16-thread-2 pick event 3693, current size: 326
pool-16-thread-5 pick event 3694, current size: 325
pool-16-thread-8 pick event 3695, current size: 324
pool-16-thread-16 pick event 3696, current size: 323
pool-16-thread-13 pick event 3697, current size: 322
pool-16-thread-9 pick event 3699, current size: 321
pool-16-thread-15 pick event 3700, current size: 319
pool-16-thread-6 pick event 3701, current size: 318
pool-16-thread-19 pick event 3702, current size: 317
pool-16-thread-11 pick event 3703, current size: 316
pool-16-thread-9 pick event 3704, current size: 315
pool-16-thread-12 pick event 3705, current size: 314
pool-16-thread-10 pick event 3706, current size: 313
pool-16-thread-14 pick event 3707, current size: 312
pool-16-thread-4 pick event 3708, current size: 311
pool-16-thread-7 pick event 3709, current size: 310
pool-16-thread-1 pick event 3710, current size: 309
pool-16-thread-18 pick event 3711, current size: 308
pool-16-thread-17 pick event 3712, current size: 307
pool-16-thread-3 pick event 3713, current size: 306
pool-16-thread-5 pick event 3714, current size: 305
pool-16-thread-16 pick event 3715, current size: 304
pool-16-thread-8 pick event 3716, current size: 303
pool-16-thread-3 pick event 3717, current size: 302
pool-16-thread-2 pick event 3718, current size: 301
pool-16-thread-15 pick event 3719, current size: 300
pool-16-thread-20 pick event 3720, current size: 299
pool-16-thread-6 pick event 3721, current size: 298
pool-16-thread-19 pick event 3722, current size: 297
pool-16-thread-9 pick event 3723, current size: 296
pool-16-thread-20 pick event 3724, current size: 295
pool-16-thread-11 pick event 3725, current size: 294
pool-16-thread-10 pick event 3726, current size: 293
pool-16-thread-14 pick event 3727, current size: 292
pool-16-thread-4 pick event 3728, current size: 291
pool-16-thread-7 pick event 3729, current size: 290
pool-16-thread-1 pick event 3730, current size: 289
pool-16-thread-18 pick event 3731, current size: 288
pool-16-thread-13 pick event 3732, current size: 287
pool-16-thread-17 pick event 3734, current size: 285
pool-16-thread-16 pick event 3735, current size: 284
pool-16-thread-8 pick event 3736, current size: 283
pool-16-thread-1 pick event 3737, current size: 282
pool-16-thread-2 pick event 3738, current size: 281
pool-16-thread-15 pick event 3739, current size: 280
pool-16-thread-12 pick event 3740, current size: 279
pool-16-thread-6 pick event 3741, current size: 278
pool-16-thread-12 pick event 3742, current size: 277
pool-16-thread-9 pick event 3743, current size: 276
pool-16-thread-11 pick event 3744, current size: 275
pool-16-thread-20 pick event 3745, current size: 274
pool-16-thread-10 pick event 3746, current size: 273
pool-16-thread-4 pick event 3747, current size: 272
pool-16-thread-14 pick event 3748, current size: 271
pool-16-thread-7 pick event 3750, current size: 269
pool-16-thread-3 pick event 3751, current size: 268
pool-16-thread-18 pick event 3752, current size: 267
pool-16-thread-13 pick event 3753, current size: 266
pool-16-thread-17 pick event 3754, current size: 265
pool-16-thread-16 pick event 3755, current size: 264
pool-16-thread-8 pick event 3756, current size: 263
pool-16-thread-1 pick event 3757, current size: 262
pool-16-thread-19 pick event 3758, current size: 261
pool-16-thread-2 pick event 3759, current size: 260
pool-16-thread-15 pick event 3760, current size: 259
pool-16-thread-6 pick event 3761, current size: 258
pool-16-thread-9 pick event 3762, current size: 257
pool-16-thread-12 pick event 3763, current size: 256
pool-16-thread-11 pick event 3764, current size: 255
pool-16-thread-5 pick event 3765, current size: 254
pool-16-thread-20 pick event 3766, current size: 253
pool-16-thread-10 pick event 3767, current size: 252
pool-16-thread-4 pick event 3768, current size: 251
pool-16-thread-14 pick event 3769, current size: 250
pool-16-thread-3 pick event 3770, current size: 249
pool-16-thread-7 pick event 3771, current size: 248
pool-16-thread-13 pick event 3772, current size: 247
pool-16-thread-4 pick event 3774, current size: 246
pool-16-thread-16 pick event 3775, current size: 245
pool-16-thread-8 pick event 3776, current size: 244
pool-16-thread-1 pick event 3777, current size: 242
pool-16-thread-2 pick event 3778, current size: 241
pool-16-thread-19 pick event 3779, current size: 240
pool-16-thread-6 pick event 3780, current size: 239
pool-16-thread-15 pick event 3781, current size: 238
pool-16-thread-1 pick event 3782, current size: 237
pool-16-thread-9 pick event 3783, current size: 236
pool-16-thread-11 pick event 3784, current size: 235
pool-16-thread-20 pick event 3785, current size: 234
pool-16-thread-6 pick event 3786, current size: 233
pool-16-thread-10 pick event 3787, current size: 232
pool-16-thread-17 pick event 3788, current size: 231
pool-16-thread-18 pick event 3789, current size: 230
pool-16-thread-14 pick event 3791, current size: 229
pool-16-thread-7 pick event 3792, current size: 227
pool-16-thread-4 pick event 3793, current size: 226
pool-16-thread-8 pick event 3794, current size: 225
pool-16-thread-13 pick event 3795, current size: 224
pool-16-thread-16 pick event 3796, current size: 223
pool-16-thread-7 pick event 3797, current size: 222
pool-16-thread-12 pick event 3798, current size: 221
pool-16-thread-1 pick event 3799, current size: 220
pool-16-thread-15 pick event 3800, current size: 219
pool-16-thread-5 pick event 3801, current size: 218
pool-16-thread-12 pick event 3802, current size: 217
pool-16-thread-9 pick event 3803, current size: 216
pool-16-thread-20 pick event 3804, current size: 215
pool-16-thread-11 pick event 3805, current size: 214
pool-16-thread-3 pick event 3807, current size: 213
pool-16-thread-17 pick event 3808, current size: 212
pool-16-thread-18 pick event 3809, current size: 211
pool-16-thread-6 pick event 3810, current size: 209
pool-16-thread-14 pick event 3811, current size: 208
pool-16-thread-19 pick event 3812, current size: 207
pool-16-thread-13 pick event 3813, current size: 206
pool-16-thread-4 pick event 3814, current size: 205
pool-16-thread-8 pick event 3815, current size: 204
pool-16-thread-16 pick event 3816, current size: 203
pool-16-thread-7 pick event 3817, current size: 202
pool-16-thread-2 pick event 3818, current size: 201
pool-16-thread-15 pick event 3819, current size: 200
pool-16-thread-1 pick event 3820, current size: 199
pool-16-thread-5 pick event 3821, current size: 198
pool-16-thread-10 pick event 3822, current size: 197
pool-16-thread-9 pick event 3823, current size: 196
pool-16-thread-12 pick event 3824, current size: 195
pool-16-thread-11 pick event 3825, current size: 194
pool-16-thread-20 pick event 3826, current size: 193
pool-16-thread-18 pick event 3827, current size: 192
pool-16-thread-3 pick event 3828, current size: 191
pool-16-thread-17 pick event 3829, current size: 190
pool-16-thread-6 pick event 3830, current size: 189
pool-16-thread-13 pick event 3831, current size: 188
pool-16-thread-19 pick event 3832, current size: 187
pool-16-thread-8 pick event 3833, current size: 186
pool-16-thread-14 pick event 3834, current size: 185
pool-16-thread-4 pick event 3835, current size: 184
pool-16-thread-7 pick event 3836, current size: 183
pool-16-thread-16 pick event 3837, current size: 182
pool-16-thread-15 pick event 3838, current size: 181
pool-16-thread-1 pick event 3839, current size: 180
pool-16-thread-5 pick event 3840, current size: 179
pool-16-thread-2 pick event 3841, current size: 178
pool-16-thread-10 pick event 3842, current size: 177
pool-16-thread-9 pick event 3843, current size: 176
pool-16-thread-12 pick event 3844, current size: 175
pool-16-thread-20 pick event 3845, current size: 174
pool-16-thread-11 pick event 3846, current size: 173
pool-16-thread-3 pick event 3847, current size: 172
pool-16-thread-18 pick event 3848, current size: 171
pool-16-thread-17 pick event 3849, current size: 170
pool-16-thread-13 pick event 3850, current size: 169
pool-16-thread-19 pick event 3851, current size: 168
pool-16-thread-6 pick event 3852, current size: 167
pool-16-thread-8 pick event 3853, current size: 166
pool-16-thread-14 pick event 3854, current size: 165
pool-16-thread-16 pick event 3855, current size: 164
pool-16-thread-7 pick event 3856, current size: 163
pool-16-thread-4 pick event 3857, current size: 162
pool-16-thread-5 pick event 3858, current size: 161
pool-16-thread-15 pick event 3859, current size: 160
pool-16-thread-2 pick event 3860, current size: 159
pool-16-thread-9 pick event 3862, current size: 157
pool-16-thread-20 pick event 3863, current size: 156
pool-16-thread-12 pick event 3864, current size: 155
pool-16-thread-10 pick event 3865, current size: 154
pool-16-thread-11 pick event 3866, current size: 153
pool-16-thread-18 pick event 3868, current size: 152
pool-16-thread-17 pick event 3869, current size: 151
pool-16-thread-13 pick event 3870, current size: 150
pool-16-thread-6 pick event 3872, current size: 147
pool-16-thread-8 pick event 3873, current size: 146
pool-16-thread-7 pick event 3874, current size: 145
pool-16-thread-4 pick event 3875, current size: 144
pool-16-thread-14 pick event 3876, current size: 143
pool-16-thread-5 pick event 3877, current size: 142
pool-16-thread-9 pick event 3879, current size: 141
pool-16-thread-1 pick event 3880, current size: 140
pool-16-thread-15 pick event 3881, current size: 139
pool-16-thread-2 pick event 3882, current size: 137
pool-16-thread-10 pick event 3884, current size: 136
pool-16-thread-12 pick event 3885, current size: 135
pool-16-thread-19 pick event 3886, current size: 133
pool-16-thread-18 pick event 3887, current size: 132
pool-16-thread-17 pick event 3888, current size: 131
pool-16-thread-11 pick event 3889, current size: 130
pool-16-thread-13 pick event 3890, current size: 129
pool-16-thread-20 pick event 3891, current size: 128
pool-16-thread-16 pick event 3892, current size: 127
pool-16-thread-4 pick event 3893, current size: 126
pool-16-thread-14 pick event 3894, current size: 125
pool-16-thread-7 pick event 3896, current size: 124
pool-16-thread-20 pick event 3897, current size: 123
pool-16-thread-8 pick event 3898, current size: 121
pool-16-thread-1 pick event 3899, current size: 120
pool-16-thread-2 pick event 3900, current size: 119
pool-16-thread-5 pick event 3901, current size: 118
pool-16-thread-9 pick event 3902, current size: 117
pool-16-thread-15 pick event 3903, current size: 116
pool-16-thread-19 pick event 3904, current size: 115
pool-16-thread-10 pick event 3905, current size: 114
pool-16-thread-11 pick event 3906, current size: 113
pool-16-thread-12 pick event 3907, current size: 112
pool-16-thread-19 pick event 3908, current size: 111
pool-16-thread-17 pick event 3909, current size: 110
pool-16-thread-13 pick event 3910, current size: 109
pool-16-thread-16 pick event 3911, current size: 108
pool-16-thread-6 pick event 3912, current size: 107
pool-16-thread-4 pick event 3913, current size: 106
pool-16-thread-3 pick event 3914, current size: 105
pool-16-thread-14 pick event 3915, current size: 104
pool-16-thread-7 pick event 3916, current size: 103
pool-16-thread-20 pick event 3917, current size: 102
pool-16-thread-8 pick event 3918, current size: 101
pool-16-thread-1 pick event 3919, current size: 100
pool-16-thread-5 pick event 3920, current size: 99
pool-16-thread-2 pick event 3921, current size: 98
pool-16-thread-15 pick event 3922, current size: 97
pool-16-thread-9 pick event 3923, current size: 96
pool-16-thread-10 pick event 3924, current size: 95
pool-16-thread-18 pick event 3925, current size: 94
pool-16-thread-2 pick event 3926, current size: 93
pool-16-thread-12 pick event 3927, current size: 92
pool-16-thread-17 pick event 3928, current size: 91
pool-16-thread-19 pick event 3929, current size: 90
pool-16-thread-13 pick event 3930, current size: 89
pool-16-thread-16 pick event 3931, current size: 88
pool-16-thread-12 pick event 3932, current size: 87
pool-16-thread-4 pick event 3933, current size: 86
pool-16-thread-3 pick event 3934, current size: 85
pool-16-thread-7 pick event 3935, current size: 84
pool-16-thread-14 pick event 3936, current size: 83
pool-16-thread-20 pick event 3937, current size: 82
pool-16-thread-8 pick event 3938, current size: 81
pool-16-thread-1 pick event 3939, current size: 80
pool-16-thread-5 pick event 3940, current size: 79
pool-16-thread-11 pick event 3941, current size: 78
pool-16-thread-9 pick event 3942, current size: 77
pool-16-thread-15 pick event 3943, current size: 76
pool-16-thread-18 pick event 3944, current size: 75
pool-16-thread-10 pick event 3945, current size: 74
pool-16-thread-2 pick event 3946, current size: 73
pool-16-thread-17 pick event 3947, current size: 72
pool-16-thread-6 pick event 3948, current size: 71
pool-16-thread-19 pick event 3949, current size: 70
pool-16-thread-13 pick event 3950, current size: 69
pool-16-thread-16 pick event 3951, current size: 68
pool-16-thread-4 pick event 3952, current size: 67
pool-16-thread-12 pick event 3953, current size: 66
pool-16-thread-14 pick event 3954, current size: 65
pool-16-thread-20 pick event 3956, current size: 63
pool-16-thread-7 pick event 3957, current size: 62
pool-16-thread-8 pick event 3958, current size: 61
pool-16-thread-5 pick event 3959, current size: 60
pool-16-thread-1 pick event 3960, current size: 59
pool-16-thread-11 pick event 3961, current size: 58
pool-16-thread-9 pick event 3962, current size: 57
pool-16-thread-18 pick event 3963, current size: 56
pool-16-thread-2 pick event 3965, current size: 55
pool-16-thread-10 pick event 3966, current size: 54
pool-16-thread-17 pick event 3967, current size: 52
pool-16-thread-6 pick event 3968, current size: 51
pool-16-thread-3 pick event 3969, current size: 50
pool-16-thread-19 pick event 3970, current size: 49
pool-16-thread-13 pick event 3971, current size: 48
pool-16-thread-16 pick event 3972, current size: 47
pool-16-thread-4 pick event 3973, current size: 46
pool-16-thread-12 pick event 3974, current size: 45
pool-16-thread-14 pick event 3975, current size: 44
pool-16-thread-8 pick event 3977, current size: 42
pool-16-thread-20 pick event 3978, current size: 41
pool-16-thread-7 pick event 3979, current size: 40
pool-16-thread-18 pick event 3981, current size: 39
pool-16-thread-5 pick event 3982, current size: 38
pool-16-thread-9 pick event 3983, current size: 37
pool-16-thread-2 pick event 3985, current size: 34
pool-16-thread-6 pick event 3986, current size: 33
pool-16-thread-17 pick event 3987, current size: 32
pool-16-thread-10 pick event 3988, current size: 31
pool-16-thread-16 pick event 3989, current size: 30
pool-16-thread-19 pick event 3990, current size: 29
pool-16-thread-1 pick event 3991, current size: 28
pool-16-thread-13 pick event 3993, current size: 26
pool-16-thread-4 pick event 3994, current size: 25
pool-16-thread-14 pick event 3995, current size: 24
pool-16-thread-12 pick event 3996, current size: 23
pool-16-thread-15 pick event 3997, current size: 22
pool-16-thread-8 pick event 3998, current size: 21
pool-16-thread-11 pick event 3999, current size: 20
pool-16-thread-9 pick event 4000, current size: 19
pool-16-thread-7 pick event 4001, current size: 18
pool-16-thread-18 pick event 4002, current size: 17
pool-16-thread-5 pick event 4003, current size: 16
pool-16-thread-20 pick event 4004, current size: 15
pool-16-thread-2 pick event 4005, current size: 14
pool-16-thread-6 pick event 4006, current size: 13
pool-16-thread-17 pick event 4007, current size: 12
pool-16-thread-3 pick event 4008, current size: 11
pool-16-thread-1 pick event 4009, current size: 10
pool-16-thread-10 pick event 4010, current size: 9
pool-16-thread-13 pick event 4011, current size: 8
pool-16-thread-16 pick event 4012, current size: 7
pool-16-thread-4 pick event 4014, current size: 5
pool-16-thread-14 pick event 4015, current size: 4
pool-16-thread-8 pick event 4016, current size: 3
pool-16-thread-15 pick event 4017, current size: 2
pool-16-thread-12 pick event 4018, current size: 1
pool-16-thread-11 pick event 4019, current size: 0
OHHHH18
OHHHH15
[testOverload(com.edi.test.NbiEventSendTaskTest): expected:&lt;4000&gt; but was:&lt;4001&gt;]
</system-out>
  </testcase>
</testsuite>