<?xml version="1.0" encoding="UTF-8" ?>
<testsuite failures="1" time="13.489" errors="0" skipped="0" tests="8" name="com.edi.test.NbiEventSendTaskTest">
  <properties>
[...]
</properties>
  <testcase time="4.148" classname="com.edi.test.NbiEventSendTaskTest" name="testOverload">
    <failure message="expected:&lt;4000&gt; but was:&lt;4001&gt;" type="junit.framework.AssertionFailedError">junit.framework.AssertionFailedError: expected:&lt;4000&gt; but was:&lt;4001&gt;
	at junit.framework.Assert.fail(Assert.java:47)
	at junit.framework.Assert.failNotEquals(Assert.java:277)
	at junit.framework.Assert.assertEquals(Assert.java:64)
	at junit.framework.Assert.assertEquals(Assert.java:195)
	at junit.framework.Assert.assertEquals(Assert.java:201)
	at com.edi.test.NbiEventSendTaskTest.testOverload(NbiEventSendTaskTest.java:281)
	at sun.reflect.NativeMethodAccessorImpl.invoke0(Native Method)
	at sun.reflect.NativeMethodAccessorImpl.invoke(NativeMethodAccessorImpl.java:57)
	at sun.reflect.DelegatingMethodAccessorImpl.invoke(DelegatingMethodAccessorImpl.java:43)
	at java.lang.reflect.Method.invoke(Method.java:601)
	at org.junit.internal.runners.TestMethod.invoke(TestMethod.java:66)
	at org.powermock.modules.junit4.internal.impl.PowerMockJUnit44RunnerDelegateImpl$PowerMockJUnit44MethodRunner.runTestMethod(PowerMockJUnit44RunnerDelegateImpl.java:310)
	at org.junit.internal.runners.MethodRoadie$2.run(MethodRoadie.java:86)
	at org.junit.internal.runners.MethodRoadie.runBeforesThenTestThenAfters(MethodRoadie.java:94)
	at org.powermock.modules.junit4.internal.impl.PowerMockJUnit44RunnerDelegateImpl$PowerMockJUnit44MethodRunner.executeTest(PowerMockJUnit44RunnerDelegateImpl.java:294)
	at org.powermock.modules.junit4.internal.impl.PowerMockJUnit47RunnerDelegateImpl$PowerMockJUnit47MethodRunner.executeTestInSuper(PowerMockJUnit47RunnerDelegateImpl.java:127)
	at org.powermock.modules.junit4.internal.impl.PowerMockJUnit47RunnerDelegateImpl$PowerMockJUnit47MethodRunner.executeTest(PowerMockJUnit47RunnerDelegateImpl.java:82)
	at org.powermock.modules.junit4.internal.impl.PowerMockJUnit44RunnerDelegateImpl$PowerMockJUnit44MethodRunner.runBeforesThenTestThenAfters(PowerMockJUnit44RunnerDelegateImpl.java:282)
	at org.junit.internal.runners.MethodRoadie.runTest(MethodRoadie.java:84)
	at org.junit.internal.runners.MethodRoadie.run(MethodRoadie.java:49)
	at org.powermock.modules.junit4.internal.impl.PowerMockJUnit44RunnerDelegateImpl.invokeTestMethod(PowerMockJUnit44RunnerDelegateImpl.java:207)
	at org.powermock.modules.junit4.internal.impl.PowerMockJUnit44RunnerDelegateImpl.runMethods(PowerMockJUnit44RunnerDelegateImpl.java:146)
	at org.powermock.modules.junit4.internal.impl.PowerMockJUnit44RunnerDelegateImpl$1.run(PowerMockJUnit44RunnerDelegateImpl.java:120)
	at org.junit.internal.runners.ClassRoadie.runUnprotected(ClassRoadie.java:34)
	at org.junit.internal.runners.ClassRoadie.runProtected(ClassRoadie.java:44)
	at org.powermock.modules.junit4.internal.impl.PowerMockJUnit44RunnerDelegateImpl.run(PowerMockJUnit44RunnerDelegateImpl.java:118)
	at org.powermock.modules.junit4.common.internal.impl.JUnit4TestSuiteChunkerImpl.run(JUnit4TestSuiteChunkerImpl.java:101)
	at org.powermock.modules.junit4.common.internal.impl.AbstractCommonPowerMockRunner.run(AbstractCommonPowerMockRunner.java:53)
	at org.powermock.modules.junit4.PowerMockRunner.run(PowerMockRunner.java:53)
	at org.apache.maven.surefire.junit4.JUnit4TestSet.execute(JUnit4TestSet.java:53)
	at org.apache.maven.surefire.junit4.JUnit4Provider.executeTestSet(JUnit4Provider.java:123)
	at org.apache.maven.surefire.junit4.JUnit4Provider.invoke(JUnit4Provider.java:104)
	at sun.reflect.NativeMethodAccessorImpl.invoke0(Native Method)
	at sun.reflect.NativeMethodAccessorImpl.invoke(NativeMethodAccessorImpl.java:57)
	at sun.reflect.DelegatingMethodAccessorImpl.invoke(DelegatingMethodAccessorImpl.java:43)
	at java.lang.reflect.Method.invoke(Method.java:601)
	at org.apache.maven.surefire.util.ReflectionUtils.invokeMethodWithArray(ReflectionUtils.java:164)
	at org.apache.maven.surefire.booter.ProviderFactory$ProviderProxy.invoke(ProviderFactory.java:110)
	at org.apache.maven.surefire.booter.SurefireStarter.invokeProvider(SurefireStarter.java:172)
	at org.apache.maven.surefire.booter.SurefireStarter.runSuitesInProcessWhenForked(SurefireStarter.java:104)
	at org.apache.maven.surefire.booter.ForkedBooter.main(ForkedBooter.java:70)
</failure>
    <system-out>testOverload begin.
NbiEventCache is cleared with total events removed: 0
pool-11-thread-2 Reduce to4019
pool-11-thread-18 Reduce to4018
NBI event queue is OVERLOADED, will discard low-priority event!
NBI event queue is OVERLOADED, will discard low-priority event!
pool-11-thread-3 Reduce to4017
pool-11-thread-5 Reduce to4016
pool-11-thread-4 Reduce to4015
NBI event queue is OVERLOADED, will discard low-priority event!
NBI event queue is OVERLOADED, will discard low-priority event!
NBI event queue is OVERLOADED, will discard low-priority event!
pool-11-thread-6 Reduce to4014
pool-11-thread-18 Discard NBI event &apos;BmscEventRetryTO [id=1, retryTimes=0, retryStartTime=null, retryUpdateTime=null, extension=null, getVersion()=1.0, getNotificationType()=DELIVERY_REMOVE_OK, getEMBMSSessionId()=85, getDeliverySessionId()=null, getDeliveryInstanceId()=null, getDescription()=null, getContentURI()=null, getMd5Value()=1, getContentGroupId()=null, getRemovedDeliveryContents()=&apos;, current queue size: 4014
NBI event queue is OVERLOADED, will discard low-priority event!
pool-11-thread-2 Discard NBI event &apos;BmscEventRetryTO [id=0, retryTimes=0, retryStartTime=null, retryUpdateTime=null, extension=null, getVersion()=1.0, getNotificationType()=DELIVERY_REMOVE_OK, getEMBMSSessionId()=98, getDeliverySessionId()=null, getDeliveryInstanceId()=null, getDescription()=null, getContentURI()=null, getMd5Value()=0, getContentGroupId()=null, getRemovedDeliveryContents()=&apos;, current queue size: 4014
pool-11-thread-4 Discard NBI event &apos;BmscEventRetryTO [id=4, retryTimes=0, retryStartTime=null, retryUpdateTime=null, extension=null, getVersion()=1.0, getNotificationType()=DELIVERY_REMOVE_OK, getEMBMSSessionId()=64, getDeliverySessionId()=null, getDeliveryInstanceId()=null, getDescription()=null, getContentURI()=null, getMd5Value()=4, getContentGroupId()=null, getRemovedDeliveryContents()=&apos;, current queue size: 4014
pool-11-thread-3 Discard NBI event &apos;BmscEventRetryTO [id=2, retryTimes=0, retryStartTime=null, retryUpdateTime=null, extension=null, getVersion()=1.0, getNotificationType()=DELIVERY_REMOVE_OK, getEMBMSSessionId()=99, getDeliverySessionId()=null, getDeliveryInstanceId()=null, getDescription()=null, getContentURI()=null, getMd5Value()=2, getContentGroupId()=null, getRemovedDeliveryContents()=&apos;, current queue size: 4014
pool-11-thread-5 Discard NBI event &apos;BmscEventRetryTO [id=3, retryTimes=0, retryStartTime=null, retryUpdateTime=null, extension=null, getVersion()=1.0, getNotificationType()=DELIVERY_REMOVE_OK, getEMBMSSessionId()=57, getDeliverySessionId()=null, getDeliveryInstanceId()=null, getDescription()=null, getContentURI()=null, getMd5Value()=3, getContentGroupId()=null, getRemovedDeliveryContents()=&apos;, current queue size: 4014
pool-11-thread-10 Reduce to4013
NBI event queue is OVERLOADED, will discard low-priority event!
pool-11-thread-16 Reduce to4012
NBI event queue is OVERLOADED, will discard low-priority event!
pool-11-thread-17 Reduce to4011
pool-11-thread-15 Reduce to4010
NBI event queue is OVERLOADED, will discard low-priority event!
NBI event queue is OVERLOADED, will discard low-priority event!
pool-11-thread-14 Reduce to4009
pool-11-thread-10 Discard NBI event &apos;BmscEventRetryTO [id=8, retryTimes=0, retryStartTime=null, retryUpdateTime=null, extension=null, getVersion()=1.0, getNotificationType()=DELIVERY_REMOVE_OK, getEMBMSSessionId()=12, getDeliverySessionId()=null, getDeliveryInstanceId()=null, getDescription()=null, getContentURI()=null, getMd5Value()=8, getContentGroupId()=null, getRemovedDeliveryContents()=&apos;, current queue size: 4010
pool-11-thread-13 Reduce to4008
pool-11-thread-1 Reduce to4007
pool-11-thread-6 Discard NBI event &apos;BmscEventRetryTO [id=5, retryTimes=0, retryStartTime=null, retryUpdateTime=null, extension=null, getVersion()=1.0, getNotificationType()=DELIVERY_REMOVE_OK, getEMBMSSessionId()=90, getDeliverySessionId()=null, getDeliveryInstanceId()=null, getDescription()=null, getContentURI()=null, getMd5Value()=5, getContentGroupId()=null, getRemovedDeliveryContents()=&apos;, current queue size: 4007
pool-11-thread-16 Discard NBI event &apos;BmscEventRetryTO [id=9, retryTimes=0, retryStartTime=null, retryUpdateTime=null, extension=null, getVersion()=1.0, getNotificationType()=DELIVERY_REMOVE_OK, getEMBMSSessionId()=42, getDeliverySessionId()=null, getDeliveryInstanceId()=null, getDescription()=null, getContentURI()=null, getMd5Value()=9, getContentGroupId()=null, getRemovedDeliveryContents()=&apos;, current queue size: 4007
pool-11-thread-9 Reduce to4006
NBI event queue is OVERLOADED, will discard low-priority event!
NBI event queue is OVERLOADED, will discard low-priority event!
NBI event queue is OVERLOADED, will discard low-priority event!
NBI event queue is OVERLOADED, will discard low-priority event!
pool-11-thread-15 Discard NBI event &apos;BmscEventRetryTO [id=11, retryTimes=0, retryStartTime=null, retryUpdateTime=null, extension=null, getVersion()=1.0, getNotificationType()=DELIVERY_REMOVE_OK, getEMBMSSessionId()=70, getDeliverySessionId()=null, getDeliveryInstanceId()=null, getDescription()=null, getContentURI()=null, getMd5Value()=11, getContentGroupId()=null, getRemovedDeliveryContents()=&apos;, current queue size: 4007
pool-11-thread-11 Reduce to4005
pool-11-thread-20 Reduce to4004
NBI event queue is OVERLOADED, will discard low-priority event!
pool-11-thread-14 Discard NBI event &apos;BmscEventRetryTO [id=13, retryTimes=0, retryStartTime=null, retryUpdateTime=null, extension=null, getVersion()=1.0, getNotificationType()=DELIVERY_REMOVE_OK, getEMBMSSessionId()=47, getDeliverySessionId()=null, getDeliveryInstanceId()=null, getDescription()=null, getContentURI()=null, getMd5Value()=13, getContentGroupId()=null, getRemovedDeliveryContents()=&apos;, current queue size: 4006
pool-11-thread-19 Reduce to4003
pool-11-thread-17 Discard NBI event &apos;BmscEventRetryTO [id=10, retryTimes=0, retryStartTime=null, retryUpdateTime=null, extension=null, getVersion()=1.0, getNotificationType()=DELIVERY_REMOVE_OK, getEMBMSSessionId()=77, getDeliverySessionId()=null, getDeliveryInstanceId()=null, getDescription()=null, getContentURI()=null, getMd5Value()=10, getContentGroupId()=null, getRemovedDeliveryContents()=&apos;, current queue size: 4006
pool-11-thread-7 Reduce to4002
pool-11-thread-2 Reduce to 4001
NBI event queue is OVERLOADED, will discard low-priority event!
NBI event queue is OVERLOADED, will discard low-priority event!
NBI event queue is OVERLOADED, will discard low-priority event!
NBI event queue is OVERLOADED, will discard low-priority event!
pool-11-thread-20 Discard NBI event &apos;BmscEventRetryTO [id=19, retryTimes=0, retryStartTime=null, retryUpdateTime=null, extension=null, getVersion()=1.0, getNotificationType()=DELIVERY_REMOVE_OK, getEMBMSSessionId()=21, getDeliverySessionId()=null, getDeliveryInstanceId()=null, getDescription()=null, getContentURI()=null, getMd5Value()=19, getContentGroupId()=null, getRemovedDeliveryContents()=&apos;, current queue size: 4001
pool-11-thread-13 Discard NBI event &apos;BmscEventRetryTO [id=14, retryTimes=0, retryStartTime=null, retryUpdateTime=null, extension=null, getVersion()=1.0, getNotificationType()=DELIVERY_REMOVE_OK, getEMBMSSessionId()=69, getDeliverySessionId()=null, getDeliveryInstanceId()=null, getDescription()=null, getContentURI()=null, getMd5Value()=14, getContentGroupId()=null, getRemovedDeliveryContents()=&apos;, current queue size: 4001
pool-11-thread-1 Discard NBI event &apos;BmscEventRetryTO [id=15, retryTimes=0, retryStartTime=null, retryUpdateTime=null, extension=null, getVersion()=1.0, getNotificationType()=DELIVERY_REMOVE_OK, getEMBMSSessionId()=65, getDeliverySessionId()=null, getDeliveryInstanceId()=null, getDescription()=null, getContentURI()=null, getMd5Value()=15, getContentGroupId()=null, getRemovedDeliveryContents()=&apos;, current queue size: 4001
pool-11-thread-9 Discard NBI event &apos;BmscEventRetryTO [id=16, retryTimes=0, retryStartTime=null, retryUpdateTime=null, extension=null, getVersion()=1.0, getNotificationType()=DELIVERY_REMOVE_OK, getEMBMSSessionId()=97, getDeliverySessionId()=null, getDeliveryInstanceId()=null, getDescription()=null, getContentURI()=null, getMd5Value()=16, getContentGroupId()=null, getRemovedDeliveryContents()=&apos;, current queue size: 4001
pool-11-thread-7 Discard NBI event &apos;BmscEventRetryTO [id=21, retryTimes=0, retryStartTime=null, retryUpdateTime=null, extension=null, getVersion()=1.0, getNotificationType()=DELIVERY_REMOVE_OK, getEMBMSSessionId()=45, getDeliverySessionId()=null, getDeliveryInstanceId()=null, getDescription()=null, getContentURI()=null, getMd5Value()=21, getContentGroupId()=null, getRemovedDeliveryContents()=&apos;, current queue size: 4001
pool-11-thread-11 Discard NBI event &apos;BmscEventRetryTO [id=18, retryTimes=0, retryStartTime=null, retryUpdateTime=null, extension=null, getVersion()=1.0, getNotificationType()=DELIVERY_REMOVE_OK, getEMBMSSessionId()=41, getDeliverySessionId()=null, getDeliveryInstanceId()=null, getDescription()=null, getContentURI()=null, getMd5Value()=18, getContentGroupId()=null, getRemovedDeliveryContents()=&apos;, current queue size: 4001
pool-11-thread-2 Discard NBI event &apos;BmscEventRetryTO [id=7, retryTimes=0, retryStartTime=null, retryUpdateTime=null, extension=null, getVersion()=1.0, getNotificationType()=DELIVERY_REMOVE_OK, getEMBMSSessionId()=98, getDeliverySessionId()=null, getDeliveryInstanceId()=null, getDescription()=null, getContentURI()=null, getMd5Value()=7, getContentGroupId()=null, getRemovedDeliveryContents()=&apos;, current queue size: 4001
pool-11-thread-19 Discard NBI event &apos;BmscEventRetryTO [id=20, retryTimes=0, retryStartTime=null, retryUpdateTime=null, extension=null, getVersion()=1.0, getNotificationType()=DELIVERY_REMOVE_OK, getEMBMSSessionId()=7, getDeliverySessionId()=null, getDeliveryInstanceId()=null, getDescription()=null, getContentURI()=null, getMd5Value()=20, getContentGroupId()=null, getRemovedDeliveryContents()=&apos;, current queue size: 4001
pool-11-thread-2 Reduce to 4001
pool-11-thread-18 Reduce to 4001
pool-11-thread-4 Reduce to 4001
pool-11-thread-5 Reduce to 4000
pool-11-thread-5 Reduce to 4000
pool-11-thread-8 Reduce to3999
pool-11-thread-3 Reduce to 3999
pool-11-thread-10 Reduce to 3999
pool-11-thread-16 Reduce to 3998
pool-11-thread-16 Reduce to 3998
pool-11-thread-15 Reduce to 3998
pool-11-thread-6 Reduce to 3997
pool-11-thread-6 Reduce to 3997
pool-11-thread-12 Reduce to3996
pool-11-thread-14 Reduce to 3996
pool-11-thread-20 Reduce to 3996
pool-11-thread-1 Reduce to 3996
pool-11-thread-13 Reduce to 3996
pool-11-thread-17 Reduce to 3996
pool-11-thread-9 Reduce to 3996
pool-11-thread-7 Reduce to 3996
pool-11-thread-11 Reduce to 3996
pool-11-thread-19 Reduce to 3996
pool-11-thread-4 Reduce to3995
pool-11-thread-2 Reduce to3994
pool-11-thread-5 Reduce to3993
pool-11-thread-3 Reduce to3992
pool-11-thread-10 Reduce to3991
pool-11-thread-8 Reduce to 3991
pool-11-thread-16 Reduce to3990
pool-11-thread-15 Reduce to3989
pool-11-thread-20 Reduce to3988
pool-11-thread-17 Reduce to3987
pool-11-thread-14 Reduce to3986
pool-11-thread-6 Reduce to3985
pool-11-thread-9 Reduce to3984
pool-11-thread-19 Reduce to3983
pool-11-thread-7 Reduce to3982
pool-11-thread-1 Reduce to3981
pool-11-thread-11 Reduce to3980
pool-11-thread-13 Reduce to3979
pool-11-thread-12 Reduce to 3978
pool-11-thread-12 Reduce to 3978
pool-11-thread-12 Reduce to3977
pool-11-thread-18 Reduce to3976
pool-11-thread-2 Reduce to 3976
pool-11-thread-4 Reduce to 3976
pool-11-thread-3 Reduce to 3976
pool-11-thread-5 Reduce to 3976
pool-11-thread-16 Reduce to 3976
pool-11-thread-15 Reduce to 3976
pool-11-thread-20 Reduce to 3976
pool-11-thread-17 Reduce to 3976
pool-11-thread-14 Reduce to 3976
pool-11-thread-10 Reduce to 3975
pool-11-thread-10 Reduce to 3975
pool-11-thread-9 Reduce to 3975
pool-11-thread-19 Reduce to 3975
pool-11-thread-1 Reduce to 3975
pool-11-thread-6 Reduce to 3975
pool-11-thread-7 Reduce to 3975
pool-11-thread-13 Reduce to 3975
pool-11-thread-3 Reduce to3974
pool-11-thread-8 Reduce to3973
pool-11-thread-9 Reduce to3972
pool-11-thread-4 Reduce to3971
pool-11-thread-14 Reduce to3970
pool-11-thread-17 Reduce to3969
pool-11-thread-12 Reduce to 3969
pool-11-thread-16 Reduce to3968
pool-11-thread-15 Reduce to3967
pool-11-thread-2 Reduce to3966
pool-11-thread-18 Reduce to 3966
pool-11-thread-11 Reduce to 3966
pool-11-thread-10 Reduce to3965
pool-11-thread-19 Reduce to3964
pool-11-thread-13 Reduce to3963
pool-11-thread-1 Reduce to3962
pool-11-thread-7 Reduce to3961
pool-11-thread-3 Reduce to 3960
pool-11-thread-3 Reduce to 3960
pool-11-thread-6 Reduce to3959
pool-11-thread-9 Reduce to 3959
pool-11-thread-8 Reduce to 3959
pool-11-thread-12 Reduce to3958
pool-11-thread-20 Reduce to3957
pool-11-thread-14 Reduce to 3957
pool-11-thread-5 Reduce to3956
pool-11-thread-4 Reduce to 3956
pool-11-thread-11 Reduce to3955
pool-11-thread-18 Reduce to3954
pool-11-thread-16 Reduce to 3954
pool-11-thread-10 Reduce to 3954
pool-11-thread-17 Reduce to 3953
pool-11-thread-17 Reduce to 3953
pool-11-thread-1 Reduce to 3953
pool-11-thread-15 Reduce to 3953
pool-11-thread-2 Reduce to 3953
pool-11-thread-19 Reduce to 3953
pool-11-thread-13 Reduce to 3953
pool-11-thread-7 Reduce to 3953
pool-11-thread-3 Reduce to3952
pool-11-thread-8 Reduce to3951
pool-11-thread-9 Reduce to3950
pool-11-thread-7 Reduce to3949
pool-11-thread-10 Reduce to3948
pool-11-thread-14 Reduce to3947
pool-11-thread-16 Reduce to3946
pool-11-thread-20 Reduce to 3946
pool-11-thread-12 Reduce to 3946
pool-11-thread-18 Reduce to 3946
pool-11-thread-6 Reduce to 3946
pool-11-thread-5 Reduce to 3946
pool-11-thread-11 Reduce to 3945
pool-11-thread-11 Reduce to 3945
pool-11-thread-15 Reduce to3944
pool-11-thread-1 Reduce to3943
pool-11-thread-2 Reduce to3942
pool-11-thread-17 Reduce to3941
pool-11-thread-13 Reduce to3940
pool-11-thread-19 Reduce to3939
pool-11-thread-9 Reduce to 3939
pool-11-thread-3 Reduce to 3939
pool-11-thread-20 Reduce to3938
pool-11-thread-12 Reduce to3937
pool-11-thread-18 Reduce to3936
pool-11-thread-4 Reduce to3935
pool-11-thread-10 Reduce to 3935
pool-11-thread-6 Reduce to3934
pool-11-thread-8 Reduce to 3934
pool-11-thread-7 Reduce to 3934
pool-11-thread-5 Reduce to3933
pool-11-thread-14 Reduce to 3933
pool-11-thread-16 Reduce to 3933
pool-11-thread-11 Reduce to3932
pool-11-thread-3 Reduce to3931
pool-11-thread-2 Reduce to 3931
pool-11-thread-9 Reduce to3930
pool-11-thread-1 Reduce to 3930
pool-11-thread-10 Reduce to3929
pool-11-thread-12 Reduce to 3929
pool-11-thread-8 Reduce to3928
pool-11-thread-19 Reduce to 3928
pool-11-thread-14 Reduce to3927
pool-11-thread-4 Reduce to 3927
pool-11-thread-16 Reduce to3926
pool-11-thread-17 Reduce to 3926
pool-11-thread-13 Reduce to 3926
pool-11-thread-20 Reduce to 3926
pool-11-thread-15 Reduce to 3926
pool-11-thread-18 Reduce to 3926
pool-11-thread-7 Reduce to3925
pool-11-thread-2 Reduce to3924
pool-11-thread-6 Reduce to 3924
pool-11-thread-1 Reduce to3923
pool-11-thread-5 Reduce to 3923
pool-11-thread-12 Reduce to3922
pool-11-thread-4 Reduce to3921
pool-11-thread-19 Reduce to3920
pool-11-thread-11 Reduce to 3920
pool-11-thread-3 Reduce to 3919
pool-11-thread-3 Reduce to 3919
pool-11-thread-18 Reduce to3918
pool-11-thread-20 Reduce to3917
pool-11-thread-9 Reduce to 3917
pool-11-thread-13 Reduce to3916
pool-11-thread-15 Reduce to3915
pool-11-thread-10 Reduce to 3914
pool-11-thread-10 Reduce to 3914
pool-11-thread-5 Reduce to3913
pool-11-thread-14 Reduce to 3913
pool-11-thread-8 Reduce to 3913
pool-11-thread-6 Reduce to3912
pool-11-thread-7 Reduce to 3912
pool-11-thread-11 Reduce to3911
pool-11-thread-12 Reduce to 3911
pool-11-thread-2 Reduce to 3911
pool-11-thread-5 Reduce to 3911
pool-11-thread-16 Reduce to 3911
pool-11-thread-19 Reduce to 3911
pool-11-thread-1 Reduce to 3911
pool-11-thread-4 Reduce to 3911
pool-11-thread-3 Reduce to3910
pool-11-thread-9 Reduce to3909
pool-11-thread-20 Reduce to 3909
pool-11-thread-17 Reduce to3908
pool-11-thread-13 Reduce to 3908
pool-11-thread-15 Reduce to 3908
pool-11-thread-18 Reduce to 3908
pool-11-thread-10 Reduce to3907
pool-11-thread-8 Reduce to3906
pool-11-thread-20 Reduce to3905
pool-11-thread-14 Reduce to3904
pool-11-thread-2 Reduce to3903
pool-11-thread-5 Reduce to3902
pool-11-thread-19 Reduce to3901
pool-11-thread-7 Reduce to3900
pool-11-thread-16 Reduce to3899
pool-11-thread-1 Reduce to3898
pool-11-thread-4 Reduce to3897
pool-11-thread-12 Reduce to3896
pool-11-thread-6 Reduce to 3896
pool-11-thread-18 Reduce to3895
pool-11-thread-15 Reduce to3894
pool-11-thread-11 Reduce to 3894
pool-11-thread-3 Reduce to 3894
pool-11-thread-17 Reduce to 3894
pool-11-thread-6 Reduce to3893
pool-11-thread-13 Reduce to3892
pool-11-thread-9 Reduce to 3892
pool-11-thread-10 Reduce to 3892
pool-11-thread-20 Reduce to 3892
pool-11-thread-2 Reduce to 3892
pool-11-thread-3 Reduce to3891
pool-11-thread-9 Reduce to3890
pool-11-thread-11 Reduce to3889
pool-11-thread-18 Reduce to 3889
pool-11-thread-19 Reduce to 3889
pool-11-thread-8 Reduce to 3889
pool-11-thread-2 Reduce to3888
pool-11-thread-20 Reduce to3887
pool-11-thread-17 Reduce to3886
pool-11-thread-5 Reduce to 3886
pool-11-thread-15 Reduce to 3886
pool-11-thread-12 Reduce to 3886
pool-11-thread-16 Reduce to 3886
pool-11-thread-4 Reduce to 3886
pool-11-thread-7 Reduce to 3886
pool-11-thread-18 Reduce to3885
pool-11-thread-14 Reduce to 3885
pool-11-thread-1 Reduce to 3885
pool-11-thread-10 Reduce to3884
pool-11-thread-13 Reduce to 3884
pool-11-thread-6 Reduce to 3884
pool-11-thread-3 Reduce to 3884
pool-11-thread-16 Reduce to3883
pool-11-thread-8 Reduce to3882
pool-11-thread-15 Reduce to3881
pool-11-thread-19 Reduce to3880
pool-11-thread-5 Reduce to3879
pool-11-thread-12 Reduce to3878
pool-11-thread-9 Reduce to 3878
pool-11-thread-2 Reduce to 3878
pool-11-thread-4 Reduce to3877
pool-11-thread-16 Reduce to 3877
pool-11-thread-17 Reduce to 3877
pool-11-thread-18 Reduce to 3877
pool-11-thread-20 Reduce to 3877
pool-11-thread-11 Reduce to 3877
pool-11-thread-8 Reduce to 3877
pool-11-thread-19 Reduce to 3877
pool-11-thread-7 Reduce to3876
pool-11-thread-15 Reduce to 3876
pool-11-thread-10 Reduce to 3876
pool-11-thread-12 Reduce to 3876
pool-11-thread-14 Reduce to3875
pool-11-thread-4 Reduce to 3875
pool-11-thread-5 Reduce to 3875
pool-11-thread-1 Reduce to3874
pool-11-thread-13 Reduce to3873
pool-11-thread-7 Reduce to 3873
pool-11-thread-6 Reduce to3872
pool-11-thread-3 Reduce to3871
pool-11-thread-14 Reduce to 3871
pool-11-thread-1 Reduce to 3871
pool-11-thread-9 Reduce to3870
pool-11-thread-6 Reduce to 3870
pool-11-thread-2 Reduce to3869
pool-11-thread-13 Reduce to 3869
pool-11-thread-3 Reduce to 3869
pool-11-thread-16 Reduce to3868
pool-11-thread-17 Reduce to3867
pool-11-thread-18 Reduce to3866
pool-11-thread-2 Reduce to 3866
pool-11-thread-11 Reduce to3865
pool-11-thread-16 Reduce to 3865
pool-11-thread-9 Reduce to 3865
pool-11-thread-20 Reduce to3864
pool-11-thread-18 Reduce to 3864
pool-11-thread-8 Reduce to3863
pool-11-thread-19 Reduce to3862
pool-11-thread-15 Reduce to3861
pool-11-thread-17 Reduce to 3861
pool-11-thread-10 Reduce to3860
pool-11-thread-20 Reduce to 3860
pool-11-thread-12 Reduce to3859
pool-11-thread-11 Reduce to 3859
pool-11-thread-8 Reduce to 3859
pool-11-thread-19 Reduce to 3859
pool-11-thread-15 Reduce to 3859
pool-11-thread-4 Reduce to3858
pool-11-thread-5 Reduce to3857
pool-11-thread-10 Reduce to 3857
pool-11-thread-12 Reduce to 3857
pool-11-thread-7 Reduce to3856
pool-11-thread-4 Reduce to 3856
pool-11-thread-14 Reduce to3855
pool-11-thread-1 Reduce to3854
pool-11-thread-5 Reduce to 3854
pool-11-thread-6 Reduce to3853
pool-11-thread-1 Reduce to 3853
pool-11-thread-13 Reduce to3852
pool-11-thread-3 Reduce to3851
pool-11-thread-7 Reduce to 3851
pool-11-thread-14 Reduce to 3851
pool-11-thread-2 Reduce to3850
pool-11-thread-6 Reduce to 3850
pool-11-thread-13 Reduce to 3850
pool-11-thread-16 Reduce to3849
pool-11-thread-3 Reduce to 3849
pool-11-thread-9 Reduce to3848
pool-11-thread-18 Reduce to3847
pool-11-thread-17 Reduce to3846
pool-11-thread-2 Reduce to 3846
pool-11-thread-20 Reduce to3845
pool-11-thread-16 Reduce to 3845
pool-11-thread-9 Reduce to 3845
pool-11-thread-18 Reduce to 3845
pool-11-thread-11 Reduce to3844
pool-11-thread-8 Reduce to3843
pool-11-thread-17 Reduce to 3843
pool-11-thread-11 Reduce to 3843
pool-11-thread-15 Reduce to3842
pool-11-thread-20 Reduce to 3842
pool-11-thread-19 Reduce to3841
pool-11-thread-8 Reduce to 3841
pool-11-thread-10 Reduce to3840
pool-11-thread-12 Reduce to3839
pool-11-thread-4 Reduce to3838
pool-11-thread-19 Reduce to 3838
pool-11-thread-5 Reduce to3837
pool-11-thread-15 Reduce to 3837
pool-11-thread-1 Reduce to3836
pool-11-thread-12 Reduce to 3836
pool-11-thread-5 Reduce to 3836
pool-11-thread-10 Reduce to 3836
pool-11-thread-4 Reduce to 3836
pool-11-thread-7 Reduce to3835
pool-11-thread-14 Reduce to3834
pool-11-thread-6 Reduce to3833
pool-11-thread-1 Reduce to 3833
pool-11-thread-13 Reduce to3832
pool-11-thread-7 Reduce to 3832
pool-11-thread-3 Reduce to3831
pool-11-thread-14 Reduce to 3831
pool-11-thread-6 Reduce to 3831
pool-11-thread-13 Reduce to 3831
pool-11-thread-2 Reduce to3830
pool-11-thread-16 Reduce to3829
pool-11-thread-3 Reduce to 3829
pool-11-thread-9 Reduce to3828
pool-11-thread-18 Reduce to3827
pool-11-thread-17 Reduce to3826
pool-11-thread-2 Reduce to 3826
pool-11-thread-16 Reduce to 3826
pool-11-thread-9 Reduce to 3826
pool-11-thread-18 Reduce to 3826
pool-11-thread-9 Reduce to3825
pool-11-thread-17 Reduce to 3825
pool-11-thread-8 Reduce to3824
pool-11-thread-9 Reduce to 3823
pool-11-thread-9 Reduce to 3823
pool-11-thread-19 Reduce to3822
pool-11-thread-8 Reduce to 3822
pool-11-thread-15 Reduce to3821
pool-11-thread-12 Reduce to3820
pool-11-thread-5 Reduce to3819
pool-11-thread-10 Reduce to3818
pool-11-thread-4 Reduce to3817
pool-11-thread-1 Reduce to3816
pool-11-thread-7 Reduce to3815
pool-11-thread-12 Reduce to 3815
pool-11-thread-14 Reduce to3814
pool-11-thread-4 Reduce to 3814
pool-11-thread-19 Reduce to 3814
pool-11-thread-5 Reduce to 3814
pool-11-thread-10 Reduce to 3814
pool-11-thread-1 Reduce to 3814
pool-11-thread-6 Reduce to3813
pool-11-thread-14 Reduce to 3813
pool-11-thread-15 Reduce to 3813
pool-11-thread-7 Reduce to 3813
pool-11-thread-13 Reduce to3812
pool-11-thread-3 Reduce to3811
pool-11-thread-13 Reduce to 3811
pool-11-thread-2 Reduce to3810
pool-11-thread-16 Reduce to3809
pool-11-thread-6 Reduce to 3809
pool-11-thread-16 Reduce to 3809
pool-11-thread-11 Reduce to3808
pool-11-thread-3 Reduce to 3808
pool-11-thread-18 Reduce to3807
pool-11-thread-20 Reduce to3806
pool-11-thread-2 Reduce to 3806
pool-11-thread-11 Reduce to 3806
pool-11-thread-17 Reduce to3805
pool-11-thread-9 Reduce to3804
pool-11-thread-8 Reduce to3803
pool-11-thread-18 Reduce to 3803
pool-11-thread-20 Reduce to 3803
pool-11-thread-12 Reduce to3802
pool-11-thread-4 Reduce to3801
pool-11-thread-9 Reduce to 3801
pool-11-thread-8 Reduce to 3801
pool-11-thread-19 Reduce to3800
pool-11-thread-17 Reduce to 3800
pool-11-thread-5 Reduce to3799
pool-11-thread-10 Reduce to3798
pool-11-thread-4 Reduce to 3798
pool-11-thread-1 Reduce to3797
pool-11-thread-5 Reduce to 3797
pool-11-thread-14 Reduce to3796
pool-11-thread-12 Reduce to 3796
pool-11-thread-19 Reduce to 3796
pool-11-thread-15 Reduce to3795
pool-11-thread-7 Reduce to3794
pool-11-thread-10 Reduce to 3794
pool-11-thread-15 Reduce to 3794
pool-11-thread-1 Reduce to 3794
pool-11-thread-6 Reduce to3793
pool-11-thread-13 Reduce to3792
pool-11-thread-14 Reduce to 3792
pool-11-thread-16 Reduce to3791
pool-11-thread-7 Reduce to 3791
pool-11-thread-3 Reduce to3790
pool-11-thread-2 Reduce to3789
pool-11-thread-11 Reduce to3788
pool-11-thread-6 Reduce to 3788
pool-11-thread-18 Reduce to3787
pool-11-thread-13 Reduce to 3787
pool-11-thread-20 Reduce to3786
pool-11-thread-3 Reduce to 3786
pool-11-thread-16 Reduce to 3786
pool-11-thread-9 Reduce to3785
pool-11-thread-11 Reduce to 3785
pool-11-thread-2 Reduce to 3785
pool-11-thread-17 Reduce to3784
pool-11-thread-20 Reduce to 3784
pool-11-thread-8 Reduce to3783
pool-11-thread-4 Reduce to3782
pool-11-thread-18 Reduce to 3782
pool-11-thread-9 Reduce to 3782
pool-11-thread-5 Reduce to3781
pool-11-thread-17 Reduce to 3781
pool-11-thread-8 Reduce to 3781
pool-11-thread-12 Reduce to3780
pool-11-thread-4 Reduce to 3780
pool-11-thread-19 Reduce to3779
pool-11-thread-10 Reduce to3778
pool-11-thread-12 Reduce to 3778
pool-11-thread-5 Reduce to 3778
pool-11-thread-15 Reduce to3777
pool-11-thread-1 Reduce to3776
pool-11-thread-14 Reduce to3775
pool-11-thread-19 Reduce to 3775
pool-11-thread-7 Reduce to3774
pool-11-thread-10 Reduce to 3774
pool-11-thread-15 Reduce to 3774
pool-11-thread-1 Reduce to 3774
pool-11-thread-6 Reduce to3773
pool-11-thread-14 Reduce to 3773
pool-11-thread-7 Reduce to 3773
pool-11-thread-13 Reduce to3772
pool-11-thread-3 Reduce to3771
pool-11-thread-6 Reduce to 3771
pool-11-thread-16 Reduce to3770
pool-11-thread-13 Reduce to 3770
pool-11-thread-11 Reduce to3769
pool-11-thread-3 Reduce to 3769
pool-11-thread-2 Reduce to3768
pool-11-thread-16 Reduce to 3768
pool-11-thread-20 Reduce to3767
pool-11-thread-11 Reduce to 3767
pool-11-thread-18 Reduce to3766
pool-11-thread-2 Reduce to 3766
pool-11-thread-20 Reduce to 3766
pool-11-thread-9 Reduce to3765
pool-11-thread-17 Reduce to3764
pool-11-thread-8 Reduce to3763
pool-11-thread-18 Reduce to 3763
pool-11-thread-4 Reduce to3762
pool-11-thread-9 Reduce to 3762
pool-11-thread-12 Reduce to3761
pool-11-thread-8 Reduce to 3761
pool-11-thread-17 Reduce to 3761
pool-11-thread-5 Reduce to3760
pool-11-thread-12 Reduce to 3760
pool-11-thread-19 Reduce to3759
pool-11-thread-5 Reduce to 3759
pool-11-thread-10 Reduce to3758
pool-11-thread-4 Reduce to 3758
pool-11-thread-15 Reduce to3757
pool-11-thread-19 Reduce to 3757
pool-11-thread-1 Reduce to3756
pool-11-thread-14 Reduce to3755
pool-11-thread-10 Reduce to 3755
pool-11-thread-7 Reduce to3754
pool-11-thread-6 Reduce to3753
pool-11-thread-15 Reduce to 3753
pool-11-thread-13 Reduce to3752
pool-11-thread-1 Reduce to 3752
pool-11-thread-3 Reduce to3751
pool-11-thread-14 Reduce to 3751
pool-11-thread-16 Reduce to3750
pool-11-thread-7 Reduce to 3750
pool-11-thread-6 Reduce to 3750
pool-11-thread-11 Reduce to3749
pool-11-thread-3 Reduce to 3749
pool-11-thread-2 Reduce to3748
pool-11-thread-16 Reduce to 3748
pool-11-thread-13 Reduce to 3748
pool-11-thread-16 Reduce to3747
pool-11-thread-18 Reduce to3746
pool-11-thread-9 Reduce to3745
pool-11-thread-2 Reduce to 3745
pool-11-thread-11 Reduce to 3745
pool-11-thread-2 Reduce to3744
pool-11-thread-17 Reduce to3743
pool-11-thread-16 Reduce to 3743
pool-11-thread-9 Reduce to 3743
pool-11-thread-2 Reduce to 3743
pool-11-thread-18 Reduce to 3742
pool-11-thread-18 Reduce to 3742
pool-11-thread-17 Reduce to 3741
pool-11-thread-17 Reduce to 3741
pool-11-thread-12 Reduce to3740
pool-11-thread-10 Reduce to3739
pool-11-thread-19 Reduce to3738
pool-11-thread-15 Reduce to3737
pool-11-thread-1 Reduce to3736
pool-11-thread-14 Reduce to3735
pool-11-thread-6 Reduce to3734
pool-11-thread-7 Reduce to3733
pool-11-thread-3 Reduce to3732
pool-11-thread-20 Reduce to3731
pool-11-thread-13 Reduce to3730
pool-11-thread-11 Reduce to3729
pool-11-thread-16 Reduce to3728
pool-11-thread-19 Reduce to 3728
pool-11-thread-10 Reduce to 3728
pool-11-thread-9 Reduce to3727
pool-11-thread-12 Reduce to 3727
pool-11-thread-15 Reduce to 3727
pool-11-thread-14 Reduce to 3727
pool-11-thread-1 Reduce to 3727
pool-11-thread-4 Reduce to3726
pool-11-thread-7 Reduce to 3726
pool-11-thread-20 Reduce to 3726
pool-11-thread-6 Reduce to 3725
pool-11-thread-6 Reduce to 3725
pool-11-thread-13 Reduce to 3725
pool-11-thread-16 Reduce to 3725
pool-11-thread-4 Reduce to 3725
pool-11-thread-3 Reduce to 3725
pool-11-thread-19 Reduce to3724
pool-11-thread-11 Reduce to 3724
pool-11-thread-5 Reduce to3723
pool-11-thread-2 Reduce to3722
pool-11-thread-9 Reduce to 3722
pool-11-thread-8 Reduce to3721
pool-11-thread-17 Reduce to3720
pool-11-thread-10 Reduce to3719
pool-11-thread-12 Reduce to3718
pool-11-thread-15 Reduce to3717
pool-11-thread-19 Reduce to 3716
pool-11-thread-19 Reduce to 3716
pool-11-thread-14 Reduce to3715
pool-11-thread-2 Reduce to 3715
pool-11-thread-8 Reduce to 3715
pool-11-thread-17 Reduce to 3715
pool-11-thread-5 Reduce to 3715
pool-11-thread-1 Reduce to3714
pool-11-thread-7 Reduce to3713
pool-11-thread-20 Reduce to3712
pool-11-thread-15 Reduce to 3712
pool-11-thread-10 Reduce to 3712
pool-11-thread-6 Reduce to3711
pool-11-thread-12 Reduce to 3711
pool-11-thread-13 Reduce to3710
pool-11-thread-16 Reduce to3709
pool-11-thread-4 Reduce to3708
pool-11-thread-3 Reduce to3707
pool-11-thread-7 Reduce to 3707
pool-11-thread-14 Reduce to 3707
pool-11-thread-20 Reduce to 3707
pool-11-thread-11 Reduce to3706
pool-11-thread-13 Reduce to 3706
pool-11-thread-6 Reduce to 3706
pool-11-thread-9 Reduce to3705
pool-11-thread-16 Reduce to 3705
pool-11-thread-18 Reduce to3704
pool-11-thread-4 Reduce to 3704
pool-11-thread-1 Reduce to 3704
pool-11-thread-3 Reduce to 3704
pool-11-thread-11 Reduce to 3704
pool-11-thread-19 Reduce to3703
pool-11-thread-2 Reduce to3702
pool-11-thread-17 Reduce to3701
pool-11-thread-8 Reduce to3700
pool-11-thread-18 Reduce to 3700
pool-11-thread-9 Reduce to 3700
pool-11-thread-19 Reduce to 3700
pool-11-thread-5 Reduce to3699
pool-11-thread-2 Reduce to 3699
pool-11-thread-15 Reduce to3698
pool-11-thread-10 Reduce to3697
pool-11-thread-17 Reduce to 3697
pool-11-thread-8 Reduce to 3697
pool-11-thread-12 Reduce to3696
pool-11-thread-5 Reduce to 3696
pool-11-thread-7 Reduce to3695
pool-11-thread-14 Reduce to3694
pool-11-thread-10 Reduce to 3694
pool-11-thread-12 Reduce to 3694
pool-11-thread-20 Reduce to3693
pool-11-thread-15 Reduce to 3693
pool-11-thread-13 Reduce to3692
pool-11-thread-7 Reduce to 3692
pool-11-thread-14 Reduce to 3692
pool-11-thread-6 Reduce to3691
pool-11-thread-20 Reduce to 3690
pool-11-thread-20 Reduce to 3690
pool-11-thread-4 Reduce to3689
pool-11-thread-1 Reduce to3688
pool-11-thread-13 Reduce to 3688
pool-11-thread-3 Reduce to3687
pool-11-thread-6 Reduce to 3687
pool-11-thread-11 Reduce to3686
pool-11-thread-18 Reduce to3685
pool-11-thread-9 Reduce to3684
pool-11-thread-19 Reduce to3683
pool-11-thread-1 Reduce to 3683
pool-11-thread-2 Reduce to3682
pool-11-thread-9 Reduce to 3682
pool-11-thread-3 Reduce to 3682
pool-11-thread-4 Reduce to 3682
pool-11-thread-11 Reduce to 3682
pool-11-thread-17 Reduce to3681
pool-11-thread-8 Reduce to3680
pool-11-thread-8 Reduce to 3680
pool-11-thread-18 Reduce to 3680
pool-11-thread-19 Reduce to 3680
pool-11-thread-2 Reduce to 3680
pool-11-thread-17 Reduce to 3680
pool-11-thread-5 Reduce to3679
pool-11-thread-15 Reduce to3678
pool-11-thread-12 Reduce to3677
pool-11-thread-10 Reduce to3676
pool-11-thread-7 Reduce to3675
pool-11-thread-12 Reduce to 3675
pool-11-thread-14 Reduce to3674
pool-11-thread-5 Reduce to 3674
pool-11-thread-15 Reduce to 3674
pool-11-thread-20 Reduce to3673
pool-11-thread-14 Reduce to 3673
pool-11-thread-10 Reduce to 3672
pool-11-thread-10 Reduce to 3672
pool-11-thread-9 Reduce to3671
pool-11-thread-7 Reduce to 3671
pool-11-thread-13 Reduce to3670
pool-11-thread-6 Reduce to3669
pool-11-thread-1 Reduce to3668
pool-11-thread-20 Reduce to 3668
pool-11-thread-9 Reduce to 3668
pool-11-thread-4 Reduce to3667
pool-11-thread-3 Reduce to3666
pool-11-thread-11 Reduce to3665
pool-11-thread-1 Reduce to 3665
pool-11-thread-8 Reduce to3664
pool-11-thread-13 Reduce to 3664
pool-11-thread-6 Reduce to 3664
pool-11-thread-4 Reduce to 3664
pool-11-thread-18 Reduce to3663
pool-11-thread-11 Reduce to 3663
pool-11-thread-3 Reduce to 3663
pool-11-thread-19 Reduce to3662
pool-11-thread-8 Reduce to 3662
pool-11-thread-18 Reduce to 3662
pool-11-thread-2 Reduce to3661
pool-11-thread-19 Reduce to 3661
pool-11-thread-17 Reduce to3660
pool-11-thread-12 Reduce to3659
pool-11-thread-5 Reduce to3658
pool-11-thread-16 Reduce to3657
pool-11-thread-2 Reduce to 3657
pool-11-thread-17 Reduce to 3657
pool-11-thread-15 Reduce to3656
pool-11-thread-16 Reduce to 3656
pool-11-thread-5 Reduce to 3656
pool-11-thread-12 Reduce to 3656
pool-11-thread-10 Reduce to3655
pool-11-thread-14 Reduce to3654
pool-11-thread-7 Reduce to3653
pool-11-thread-15 Reduce to 3653
pool-11-thread-10 Reduce to 3653
pool-11-thread-14 Reduce to 3653
pool-11-thread-20 Reduce to3652
pool-11-thread-7 Reduce to 3652
pool-11-thread-9 Reduce to3651
pool-11-thread-1 Reduce to3650
pool-11-thread-9 Reduce to 3650
pool-11-thread-13 Reduce to3649
pool-11-thread-6 Reduce to3648
pool-11-thread-20 Reduce to 3648
pool-11-thread-4 Reduce to3647
pool-11-thread-1 Reduce to 3647
pool-11-thread-3 Reduce to3646
pool-11-thread-8 Reduce to3645
pool-11-thread-4 Reduce to 3645
pool-11-thread-13 Reduce to 3644
pool-11-thread-13 Reduce to 3644
pool-11-thread-18 Reduce to3643
pool-11-thread-6 Reduce to 3643
pool-11-thread-19 Reduce to3642
pool-11-thread-2 Reduce to3641
pool-11-thread-8 Reduce to 3641
pool-11-thread-17 Reduce to3640
pool-11-thread-3 Reduce to 3640
pool-11-thread-18 Reduce to 3640
pool-11-thread-2 Reduce to 3640
pool-11-thread-19 Reduce to 3640
pool-11-thread-8 Reduce to3639
pool-11-thread-17 Reduce to 3639
pool-11-thread-14 Reduce to3638
pool-11-thread-12 Reduce to3637
pool-11-thread-9 Reduce to3636
pool-11-thread-5 Reduce to3635
pool-11-thread-10 Reduce to3634
pool-11-thread-7 Reduce to3633
pool-11-thread-20 Reduce to3632
pool-11-thread-8 Reduce to 3632
pool-11-thread-15 Reduce to3631
pool-11-thread-1 Reduce to3630
pool-11-thread-11 Reduce to3629
pool-11-thread-12 Reduce to 3629
pool-11-thread-14 Reduce to 3629
pool-11-thread-9 Reduce to 3629
pool-11-thread-7 Reduce to 3629
pool-11-thread-10 Reduce to 3629
pool-11-thread-5 Reduce to 3629
pool-11-thread-1 Reduce to 3629
pool-11-thread-13 Reduce to3628
pool-11-thread-20 Reduce to 3628
pool-11-thread-15 Reduce to 3628
pool-11-thread-6 Reduce to3627
pool-11-thread-13 Reduce to 3627
pool-11-thread-11 Reduce to 3626
pool-11-thread-11 Reduce to 3626
pool-11-thread-16 Reduce to3625
pool-11-thread-3 Reduce to3624
pool-11-thread-18 Reduce to3623
pool-11-thread-6 Reduce to 3623
pool-11-thread-19 Reduce to3622
pool-11-thread-2 Reduce to3621
pool-11-thread-17 Reduce to3620
pool-11-thread-8 Reduce to3619
pool-11-thread-12 Reduce to3618
pool-11-thread-14 Reduce to3617
pool-11-thread-16 Reduce to 3617
pool-11-thread-18 Reduce to 3617
pool-11-thread-17 Reduce to 3617
pool-11-thread-3 Reduce to 3617
pool-11-thread-19 Reduce to 3617
pool-11-thread-2 Reduce to 3617
pool-11-thread-9 Reduce to3616
pool-11-thread-14 Reduce to 3616
pool-11-thread-12 Reduce to 3616
pool-11-thread-4 Reduce to3615
pool-11-thread-8 Reduce to 3615
pool-11-thread-7 Reduce to3614
pool-11-thread-4 Reduce to 3614
pool-11-thread-5 Reduce to3613
pool-11-thread-7 Reduce to 3613
pool-11-thread-9 Reduce to 3612
pool-11-thread-9 Reduce to 3612
pool-11-thread-1 Reduce to3611
pool-11-thread-20 Reduce to3610
pool-11-thread-15 Reduce to3609
pool-11-thread-6 Reduce to3608
pool-11-thread-5 Reduce to 3608
pool-11-thread-13 Reduce to3607
pool-11-thread-11 Reduce to3606
pool-11-thread-16 Reduce to3605
pool-11-thread-15 Reduce to 3605
pool-11-thread-1 Reduce to 3605
pool-11-thread-18 Reduce to3604
pool-11-thread-6 Reduce to 3604
pool-11-thread-11 Reduce to 3604
pool-11-thread-20 Reduce to 3604
pool-11-thread-13 Reduce to 3604
pool-11-thread-17 Reduce to3603
pool-11-thread-3 Reduce to3602
pool-11-thread-16 Reduce to 3602
pool-11-thread-19 Reduce to3601
pool-11-thread-18 Reduce to 3601
pool-11-thread-2 Reduce to3600
pool-11-thread-17 Reduce to 3600
pool-11-thread-3 Reduce to 3600
pool-11-thread-14 Reduce to3599
pool-11-thread-12 Reduce to3598
pool-11-thread-19 Reduce to 3598
pool-11-thread-12 Reduce to 3598
pool-11-thread-2 Reduce to 3598
pool-11-thread-19 Reduce to3597
pool-11-thread-19 Reduce to 3597
pool-11-thread-14 Reduce to 3597
pool-11-thread-10 Reduce to3596
pool-11-thread-4 Reduce to3595
pool-11-thread-9 Reduce to3594
pool-11-thread-7 Reduce to3593
pool-11-thread-5 Reduce to3592
pool-11-thread-4 Reduce to 3592
pool-11-thread-10 Reduce to 3592
pool-11-thread-15 Reduce to3591
pool-11-thread-1 Reduce to3590
pool-11-thread-5 Reduce to 3590
pool-11-thread-7 Reduce to 3590
pool-11-thread-9 Reduce to 3590
pool-11-thread-6 Reduce to3589
pool-11-thread-15 Reduce to 3589
pool-11-thread-11 Reduce to3588
pool-11-thread-1 Reduce to 3588
pool-11-thread-6 Reduce to 3588
pool-11-thread-20 Reduce to3587
pool-11-thread-13 Reduce to3586
pool-11-thread-16 Reduce to3585
pool-11-thread-11 Reduce to 3585
pool-11-thread-18 Reduce to3584
pool-11-thread-20 Reduce to 3584
pool-11-thread-17 Reduce to3583
pool-11-thread-13 Reduce to 3583
pool-11-thread-3 Reduce to3582
pool-11-thread-8 Reduce to3581
pool-11-thread-16 Reduce to 3581
pool-11-thread-12 Reduce to3580
pool-11-thread-17 Reduce to 3580
pool-11-thread-18 Reduce to 3580
pool-11-thread-2 Reduce to3579
pool-11-thread-19 Reduce to3578
pool-11-thread-3 Reduce to 3578
pool-11-thread-8 Reduce to 3578
pool-11-thread-2 Reduce to 3578
pool-11-thread-14 Reduce to3577
pool-11-thread-12 Reduce to 3577
pool-11-thread-10 Reduce to3576
pool-11-thread-4 Reduce to3575
pool-11-thread-19 Reduce to 3575
pool-11-thread-5 Reduce to3574
pool-11-thread-14 Reduce to 3574
pool-11-thread-7 Reduce to3573
pool-11-thread-4 Reduce to 3573
pool-11-thread-9 Reduce to3572
pool-11-thread-10 Reduce to 3572
pool-11-thread-5 Reduce to 3572
pool-11-thread-4 Reduce to3571
pool-11-thread-1 Reduce to3570
pool-11-thread-9 Reduce to 3570
pool-11-thread-7 Reduce to 3570
pool-11-thread-6 Reduce to3569
pool-11-thread-4 Reduce to 3569
pool-11-thread-11 Reduce to3568
pool-11-thread-1 Reduce to 3568
pool-11-thread-20 Reduce to3567
pool-11-thread-6 Reduce to 3566
pool-11-thread-6 Reduce to 3566
pool-11-thread-16 Reduce to3565
pool-11-thread-17 Reduce to3564
pool-11-thread-20 Reduce to 3564
pool-11-thread-11 Reduce to 3564
pool-11-thread-18 Reduce to3563
pool-11-thread-3 Reduce to3562
pool-11-thread-8 Reduce to3561
pool-11-thread-2 Reduce to3560
pool-11-thread-12 Reduce to3559
pool-11-thread-17 Reduce to 3559
pool-11-thread-19 Reduce to3558
pool-11-thread-8 Reduce to 3558
pool-11-thread-12 Reduce to 3558
pool-11-thread-3 Reduce to 3558
pool-11-thread-2 Reduce to 3558
pool-11-thread-14 Reduce to3557
pool-11-thread-15 Reduce to3556
pool-11-thread-16 Reduce to 3556
pool-11-thread-10 Reduce to3555
pool-11-thread-19 Reduce to 3555
pool-11-thread-18 Reduce to 3555
pool-11-thread-14 Reduce to 3555
pool-11-thread-5 Reduce to3554
pool-11-thread-10 Reduce to 3554
pool-11-thread-9 Reduce to3553
pool-11-thread-15 Reduce to 3553
pool-11-thread-9 Reduce to 3553
pool-11-thread-7 Reduce to3552
pool-11-thread-5 Reduce to 3552
pool-11-thread-4 Reduce to3551
pool-11-thread-11 Reduce to3550
pool-11-thread-8 Reduce to3549
pool-11-thread-3 Reduce to3548
pool-11-thread-17 Reduce to3547
pool-11-thread-1 Reduce to3546
pool-11-thread-6 Reduce to3545
pool-11-thread-2 Reduce to3544
pool-11-thread-12 Reduce to3543
pool-11-thread-20 Reduce to3542
pool-11-thread-13 Reduce to3541
pool-11-thread-7 Reduce to 3541
pool-11-thread-18 Reduce to3540
pool-11-thread-16 Reduce to3539
pool-11-thread-19 Reduce to3538
pool-11-thread-11 Reduce to 3538
pool-11-thread-3 Reduce to 3538
pool-11-thread-4 Reduce to 3538
pool-11-thread-14 Reduce to3537
pool-11-thread-8 Reduce to 3537
pool-11-thread-6 Reduce to 3537
pool-11-thread-2 Reduce to 3537
pool-11-thread-12 Reduce to 3537
pool-11-thread-20 Reduce to 3537
pool-11-thread-19 Reduce to 3537
pool-11-thread-1 Reduce to 3537
pool-11-thread-16 Reduce to 3537
pool-11-thread-13 Reduce to 3537
pool-11-thread-10 Reduce to3536
pool-11-thread-18 Reduce to 3536
pool-11-thread-17 Reduce to 3536
pool-11-thread-14 Reduce to 3536
pool-11-thread-16 Reduce to3535
pool-11-thread-9 Reduce to3534
pool-11-thread-5 Reduce to3533
pool-11-thread-10 Reduce to 3533
pool-11-thread-7 Reduce to3532
pool-11-thread-11 Reduce to3531
pool-11-thread-16 Reduce to 3531
pool-11-thread-5 Reduce to 3531
pool-11-thread-3 Reduce to3530
pool-11-thread-4 Reduce to3529
pool-11-thread-7 Reduce to 3529
pool-11-thread-9 Reduce to 3529
pool-11-thread-8 Reduce to3528
pool-11-thread-11 Reduce to 3528
pool-11-thread-6 Reduce to3527
pool-11-thread-3 Reduce to 3527
pool-11-thread-2 Reduce to3526
pool-11-thread-4 Reduce to 3526
pool-11-thread-12 Reduce to3525
pool-11-thread-8 Reduce to 3525
pool-11-thread-20 Reduce to3524
pool-11-thread-2 Reduce to 3524
pool-11-thread-6 Reduce to 3524
pool-11-thread-19 Reduce to3523
pool-11-thread-12 Reduce to 3523
pool-11-thread-1 Reduce to3522
pool-11-thread-20 Reduce to 3522
pool-11-thread-13 Reduce to3521
pool-11-thread-15 Reduce to3520
pool-11-thread-1 Reduce to 3520
pool-11-thread-19 Reduce to 3520
pool-11-thread-18 Reduce to3519
pool-11-thread-17 Reduce to3518
pool-11-thread-14 Reduce to3517
pool-11-thread-15 Reduce to 3517
pool-11-thread-13 Reduce to 3517
pool-11-thread-10 Reduce to3516
pool-11-thread-18 Reduce to 3516
pool-11-thread-17 Reduce to 3516
pool-11-thread-16 Reduce to3515
pool-11-thread-5 Reduce to3514
pool-11-thread-7 Reduce to3513
pool-11-thread-14 Reduce to 3513
pool-11-thread-16 Reduce to 3513
pool-11-thread-10 Reduce to 3513
pool-11-thread-9 Reduce to3512
pool-11-thread-14 Reduce to3511
pool-11-thread-3 Reduce to3510
pool-11-thread-5 Reduce to 3510
pool-11-thread-9 Reduce to 3510
pool-11-thread-4 Reduce to3509
pool-11-thread-3 Reduce to 3509
pool-11-thread-14 Reduce to 3509
pool-11-thread-2 Reduce to3508
pool-11-thread-7 Reduce to 3508
pool-11-thread-4 Reduce to 3508
pool-11-thread-8 Reduce to3507
pool-11-thread-6 Reduce to3506
pool-11-thread-2 Reduce to 3506
pool-11-thread-8 Reduce to 3506
pool-11-thread-2 Reduce to3505
pool-11-thread-12 Reduce to3504
pool-11-thread-19 Reduce to3503
pool-11-thread-2 Reduce to 3502
pool-11-thread-2 Reduce to 3502
pool-11-thread-6 Reduce to 3502
pool-11-thread-15 Reduce to3501
pool-11-thread-12 Reduce to 3501
OHHHH12
OHHHH6
OHHHH17
</system-out>
  </testcase>
  <testcase time="4.209" classname="com.edi.test.NbiEventSendTaskTest" name="testFull"/>
  <testcase time="0.121" classname="com.edi.test.NbiEventSendTaskTest" name="testGetTotalRecEventNum"/>
  <testcase time="2.852" classname="com.edi.test.NbiEventSendTaskTest" name="testSendRadomEmbmsSessionEvents"/>
  <testcase time="0.562" classname="com.edi.test.NbiEventSendTaskTest" name="testSendSameEmbmsSessionEvents"/>
  <testcase time="0.495" classname="com.edi.test.NbiEventSendTaskTest" name="testSendNoSameEmbmsSessionEvents"/>
  <testcase time="0.433" classname="com.edi.test.NbiEventSendTaskTest" name="testSendNoEmbmsSessionIdEvents"/>
  <testcase time="0.405" classname="com.edi.test.NbiEventSendTaskTest" name="testEventSequence"/>
</testsuite>