<?xml version="1.0" encoding="UTF-8" ?>
<testsuite failures="0" time="18.876" errors="0" skipped="1" tests="8" name="com.edi.test.NbiEventSendTaskTest">
  <properties>
[...]
</properties>
  <testcase time="1.274" classname="com.edi.test.NbiEventSendTaskTest" name="testGetTotalRecEventNum">
    <skipped/>
  </testcase>
  <testcase time="1.455" classname="com.edi.test.NbiEventSendTaskTest" name="testEventSequence"/>
  <testcase time="4.832" classname="com.edi.test.NbiEventSendTaskTest" name="testSendRadomEmbmsSessionEvents"/>
  <testcase time="1.876" classname="com.edi.test.NbiEventSendTaskTest" name="testSendSameEmbmsSessionEvents"/>
  <testcase time="0.461" classname="com.edi.test.NbiEventSendTaskTest" name="testSendNoSameEmbmsSessionEvents"/>
  <testcase time="0.476" classname="com.edi.test.NbiEventSendTaskTest" name="testSendNoEmbmsSessionIdEvents"/>
  <testcase time="4.305" classname="com.edi.test.NbiEventSendTaskTest" name="testOverload"/>
  <testcase time="4.195" classname="com.edi.test.NbiEventSendTaskTest" name="testFull"/>
</testsuite>